#
# A fatal error has been detected by the Java Runtime Environment:
#
#  SIGSEGV (0xb) at pc=0x00007f5bd159f2a6, pid=12772, tid=0x00007f5bf2f7e700
#
# JRE version: OpenJDK Runtime Environment (8.0_131-b11) (build 1.8.0_131-8u131-b11-2ubuntu1.16.04.3-b11)
# Java VM: OpenJDK 64-Bit Server VM (25.131-b11 mixed mode linux-amd64 compressed oops)
# Problematic frame:
# C  [libusb-1.0.so.0+0x82a6]  libusb_submit_transfer+0x96
#
# Failed to write core dump. Core dumps have been disabled. To enable core dumping, try "ulimit -c unlimited" before starting Java again
#
# If you would like to submit a bug report, please visit:
#   http://bugreport.java.com/bugreport/crash.jsp
# The crash happened outside the Java Virtual Machine in native code.
# See problematic frame for where to report the bug.
#

---------------  T H R E A D  ---------------

Current thread (0x00007f5bec00a000):  JavaThread "main" [_thread_in_native, id=12774, stack(0x00007f5bf2e7e000,0x00007f5bf2f7f000)]

siginfo: si_signo: 11 (SIGSEGV), si_code: 1 (SEGV_MAPERR), si_addr: 0x0000000000000040

Registers:
RAX=0x0000000000000000, RBX=0x00007f5bec26b400, RCX=0x0000000000000000, RDX=0x00007f5bec26b400
RSP=0x00007f5bf2f7ca00, RBP=0x00007f5bec26b390, RSI=0x0000000000000000, RDI=0x00007f5bec26b400
R8 =0x0000000000000000, R9 =0x00007f5bf2f7cb90, R10=0x000000000000009e, R11=0x00007f5bd15a1780
R12=0x00007f5bec26b3d8, R13=0x0000000000000000, R14=0x00007f5bec26b428, R15=0x00007f5bec26b428
RIP=0x00007f5bd159f2a6, EFLAGS=0x0000000000010246, CSGSFS=0x002b000000000033, ERR=0x0000000000000004
  TRAPNO=0x000000000000000e

Top of Stack: (sp=0x00007f5bf2f7ca00)
0x00007f5bf2f7ca00:   00000000000000f8 0000000000004670
0x00007f5bf2f7ca10:   00007f5bec270990 0000000000000001
0x00007f5bf2f7ca20:   00007f5bf2f7d610 00007f5bec000020
0x00007f5bf2f7ca30:   0000000000000012 92c3c80c1b180900
0x00007f5bf2f7ca40:   00000000000000c0 0000000000000000
0x00007f5bf2f7ca50:   0000000000000000 0000000000000000
0x00007f5bf2f7ca60:   00000000000000c0 000000000000000a
0x00007f5bf2f7ca70:   00007f5bec26b428 00007f5bd15a18c2
0x00007f5bf2f7ca80:   00007f5bec008a10 0000000000000000
0x00007f5bf2f7ca90:   00007f5b00000032 00000000ec0077e8
0x00007f5bf2f7caa0:   000000000000000a 00007f5bf2f7cb90
0x00007f5bf2f7cab0:   0000000000000032 92c3c80c1b180900
0x00007f5bf2f7cac0:   0000000000000000 0000000000000008
0x00007f5bf2f7cad0:   00007f5bf2f7cb40 00007f5bec23f090
0x00007f5bf2f7cae0:   0000000000000008 0000000000000001
0x00007f5bf2f7caf0:   00007f5bf2f7d610 00007f5bd17ecba1
0x00007f5bf2f7cb00:   000000000000000a 0000000000000000
0x00007f5bf2f7cb10:   00007f5bec26afa0 0000000aec00a000
0x00007f5bf2f7cb20:   00007f5bf2f7cb90 00000000ec080000
0x00007f5bf2f7cb30:   00007fc0ec00a032 00007f5bec26b310
0x00007f5bf2f7cb40:   00007f5bf2f7cbb0 00007f5bd17e5618
0x00007f5bf2f7cb50:   000000000000000a 0000000800000002
0x00007f5bf2f7cb60:   00007f5b00000000 00007f5bec26afa0
0x00007f5bf2f7cb70:   00007f5bec00a000 00007f5bec00a000
0x00007f5bf2f7cb80:   00007f5bec00a1e0 00007f5bec241ab0
0x00007f5bf2f7cb90:   00007f5bec00a000 00007f5bec00a000
0x00007f5bf2f7cba0:   00007f5bf2f7cd20 92c3c80c1b180900
0x00007f5bf2f7cbb0:   00007f5bf2f7cbc0 00007f5bd1a08564
0x00007f5bf2f7cbc0:   000000000000000a 00007f5bf2f7d790
0x00007f5bf2f7cbd0:   00007f5bf2f7ccd0 00007f5bd1a082cb
0x00007f5bf2f7cbe0:   00007f5bf2f7ccf0 0000003000000018
0x00007f5bf2f7cbf0:   00007f5bf2f7cd30 00007f5b00000000 

Instructions: (pc=0x00007f5bd159f2a6)
0x00007f5bd159f286:   00 00 00 41 c6 46 a8 00 45 85 ed 0f 85 b1 02 00
0x00007f5bd159f296:   00 48 89 df 41 88 46 a8 e8 7d b8 ff ff 49 8b 06
0x00007f5bd159f2a6:   48 8b 40 40 4c 8b 68 30 49 8d 85 c8 00 00 00 48
0x00007f5bd159f2b6:   89 c7 48 89 44 24 08 e8 fe b9 ff ff 49 8b 85 c0 

Register to memory mapping:

RAX=0x0000000000000000 is an unknown value
RBX=0x00007f5bec26b400 is an unknown value
RCX=0x0000000000000000 is an unknown value
RDX=0x00007f5bec26b400 is an unknown value
RSP=0x00007f5bf2f7ca00 is pointing into the stack for thread: 0x00007f5bec00a000
RBP=0x00007f5bec26b390 is an unknown value
RSI=0x0000000000000000 is an unknown value
RDI=0x00007f5bec26b400 is an unknown value
R8 =0x0000000000000000 is an unknown value
R9 =0x00007f5bf2f7cb90 is pointing into the stack for thread: 0x00007f5bec00a000
R10=0x000000000000009e is an unknown value
R11=0x00007f5bd15a1780: libusb_control_transfer+0 in /lib/x86_64-linux-gnu/libusb-1.0.so.0 at 0x00007f5bd1597000
R12=0x00007f5bec26b3d8 is an unknown value
R13=0x0000000000000000 is an unknown value
R14=0x00007f5bec26b428 is an unknown value
R15=0x00007f5bec26b428 is an unknown value


Stack: [0x00007f5bf2e7e000,0x00007f5bf2f7f000],  sp=0x00007f5bf2f7ca00,  free space=1018k
Native frames: (J=compiled Java code, j=interpreted, Vv=VM code, C=native code)
C  [libusb-1.0.so.0+0x82a6]  libusb_submit_transfer+0x96

Java frames: (J=compiled Java code, j=interpreted, Vv=VM code)
j  org.openkinect.freenect.Freenect.freenect_update_tilt_state(Lorg/openkinect/freenect/Freenect$NativeDevice;)I+0
j  org.openkinect.freenect.Freenect.access$2200(Lorg/openkinect/freenect/Freenect$NativeDevice;)I+1
j  org.openkinect.freenect.Freenect$NativeDevice.refreshTiltState()V+1
j  org.openkinect.freenect.Freenect$NativeDevice.<init>(Lcom/sun/jna/Pointer;I)V+74
j  org.openkinect.freenect.Freenect$NativeContext.openDevice(I)Lorg/openkinect/freenect/Device;+55
j  main.java.org.kinectirtracker.KinectIRTracker.main([Ljava/lang/String;)V+6
v  ~StubRoutines::call_stub

---------------  P R O C E S S  ---------------

Java Threads: ( => current thread )
  0x00007f5bec26a800 JavaThread "FreenectEventThread" daemon [_thread_in_native, id=12800, stack(0x00007f5bd0c95000,0x00007f5bd0d96000)]
  0x00007f5bec235000 JavaThread "process reaper" daemon [_thread_blocked, id=12798, stack(0x00007f5bd8031000,0x00007f5bd806a000)]
  0x00007f5bec0cb800 JavaThread "Service Thread" daemon [_thread_blocked, id=12795, stack(0x00007f5bd1d0f000,0x00007f5bd1e10000)]
  0x00007f5bec0be800 JavaThread "C1 CompilerThread3" daemon [_thread_blocked, id=12794, stack(0x00007f5bd1e10000,0x00007f5bd1f11000)]
  0x00007f5bec0ba000 JavaThread "C2 CompilerThread2" daemon [_thread_blocked, id=12793, stack(0x00007f5bd1f11000,0x00007f5bd2012000)]
  0x00007f5bec0b8800 JavaThread "C2 CompilerThread1" daemon [_thread_blocked, id=12792, stack(0x00007f5bd2012000,0x00007f5bd2113000)]
  0x00007f5bec0b5800 JavaThread "C2 CompilerThread0" daemon [_thread_blocked, id=12791, stack(0x00007f5bd2113000,0x00007f5bd2214000)]
  0x00007f5bec0b3800 JavaThread "Signal Dispatcher" daemon [_thread_blocked, id=12790, stack(0x00007f5bd2214000,0x00007f5bd2315000)]
  0x00007f5bec08b800 JavaThread "Finalizer" daemon [_thread_blocked, id=12789, stack(0x00007f5bd3dfe000,0x00007f5bd3eff000)]
  0x00007f5bec087000 JavaThread "Reference Handler" daemon [_thread_blocked, id=12788, stack(0x00007f5bd3eff000,0x00007f5bd4000000)]
=>0x00007f5bec00a000 JavaThread "main" [_thread_in_native, id=12774, stack(0x00007f5bf2e7e000,0x00007f5bf2f7f000)]

Other Threads:
  0x00007f5bec07f800 VMThread [stack: 0x00007f5bd80a0000,0x00007f5bd81a1000] [id=12787]
  0x00007f5bec0ce000 WatcherThread [stack: 0x00007f5bd1c0e000,0x00007f5bd1d0f000] [id=12796]

VM state:not at safepoint (normal execution)

VM Mutex/Monitor currently owned by a thread: None

Heap:
 PSYoungGen      total 74752K, used 9088K [0x000000076cf80000, 0x0000000772280000, 0x00000007c0000000)
  eden space 64512K, 14% used [0x000000076cf80000,0x000000076d8602b0,0x0000000770e80000)
  from space 10240K, 0% used [0x0000000771880000,0x0000000771880000,0x0000000772280000)
  to   space 10240K, 0% used [0x0000000770e80000,0x0000000770e80000,0x0000000771880000)
 ParOldGen       total 171008K, used 0K [0x00000006c6e00000, 0x00000006d1500000, 0x000000076cf80000)
  object space 171008K, 0% used [0x00000006c6e00000,0x00000006c6e00000,0x00000006d1500000)
 Metaspace       used 5121K, capacity 5248K, committed 5376K, reserved 1056768K
  class space    used 571K, capacity 642K, committed 768K, reserved 1048576K

Card table byte_map: [0x00007f5bdbc36000,0x00007f5bdc400000] byte_map_base: 0x00007f5bd85ff000

Marking Bits: (ParMarkBitMap*) 0x00007f5bf21632c0
 Begin Bits: [0x00007f5ba4370000, 0x00007f5ba81b8000)
 End Bits:   [0x00007f5ba81b8000, 0x00007f5bac000000)

Polling page: 0x00007f5bf2fb6000

CodeCache: size=245760Kb used=1868Kb max_used=1868Kb free=243891Kb
 bounds [0x00007f5bdc7c0000, 0x00007f5bdca30000, 0x00007f5beb7c0000]
 total_blobs=654 nmethods=362 adapters=207
 compilation: enabled

Compilation events (10 events):
Event: 0.161 Thread 0x00007f5bec0be800  356       3       java.util.LinkedHashMap$LinkedHashIterator::nextNode (54 bytes)
Event: 0.162 Thread 0x00007f5bec0be800 nmethod 356 0x00007f5bdc98a1d0 code [0x00007f5bdc98a360, 0x00007f5bdc98a678]
Event: 0.162 Thread 0x00007f5bec0be800  358   !   3       java.lang.StringCoding::encode (120 bytes)
Event: 0.163 Thread 0x00007f5bec0b5800 nmethod 302% 0x00007f5bdc98d290 code [0x00007f5bdc98d480, 0x00007f5bdc98e830]
Event: 0.163 Thread 0x00007f5bec0be800 nmethod 358 0x00007f5bdc98f110 code [0x00007f5bdc98f460, 0x00007f5bdc990ef8]
Event: 0.163 Thread 0x00007f5bec0be800  362       3       java.util.WeakHashMap::get (77 bytes)
Event: 0.163 Thread 0x00007f5bec0be800 nmethod 362 0x00007f5bdc9893d0 code [0x00007f5bdc9895c0, 0x00007f5bdc989e68]
Event: 0.163 Thread 0x00007f5bec0be800  357       3       java.util.WeakHashMap::eq (19 bytes)
Event: 0.164 Thread 0x00007f5bec0be800 nmethod 357 0x00007f5bdc988f10 code [0x00007f5bdc989080, 0x00007f5bdc989308]
Event: 0.164 Thread 0x00007f5bec0be800  359   !   3       java.lang.StringCoding$StringEncoder::encode (179 bytes)

GC Heap History (0 events):
No events

Deoptimization events (0 events):
No events

Internal exceptions (10 events):
Event: 0.015 Thread 0x00007f5bec00a000 Exception <a 'java/lang/NoSuchMethodError': Method sun.misc.Unsafe.defineClass(Ljava/lang/String;[BII)Ljava/lang/Class; name or signature does not match> (0x000000076cf87ca8) thrown at [/build/openjdk-8-pZyJp3/openjdk-8-8u131-b11/src/hotspot/src/share/vm/
Event: 0.015 Thread 0x00007f5bec00a000 Exception <a 'java/lang/NoSuchMethodError': Method sun.misc.Unsafe.prefetchRead(Ljava/lang/Object;J)V name or signature does not match> (0x000000076cf87f90) thrown at [/build/openjdk-8-pZyJp3/openjdk-8-8u131-b11/src/hotspot/src/share/vm/prims/jni.cpp, lin
Event: 0.064 Thread 0x00007f5bec00a000 Exception <a 'java/security/PrivilegedActionException'> (0x000000076d09a388) thrown at [/build/openjdk-8-pZyJp3/openjdk-8-8u131-b11/src/hotspot/src/share/vm/prims/jvm.cpp, line 1390]
Event: 0.064 Thread 0x00007f5bec00a000 Exception <a 'java/security/PrivilegedActionException'> (0x000000076d09a598) thrown at [/build/openjdk-8-pZyJp3/openjdk-8-8u131-b11/src/hotspot/src/share/vm/prims/jvm.cpp, line 1390]
Event: 0.064 Thread 0x00007f5bec00a000 Exception <a 'java/security/PrivilegedActionException'> (0x000000076d09c620) thrown at [/build/openjdk-8-pZyJp3/openjdk-8-8u131-b11/src/hotspot/src/share/vm/prims/jvm.cpp, line 1390]
Event: 0.064 Thread 0x00007f5bec00a000 Exception <a 'java/security/PrivilegedActionException'> (0x000000076d09c830) thrown at [/build/openjdk-8-pZyJp3/openjdk-8-8u131-b11/src/hotspot/src/share/vm/prims/jvm.cpp, line 1390]
Event: 0.064 Thread 0x00007f5bec00a000 Exception <a 'java/security/PrivilegedActionException'> (0x000000076d09d308) thrown at [/build/openjdk-8-pZyJp3/openjdk-8-8u131-b11/src/hotspot/src/share/vm/prims/jvm.cpp, line 1390]
Event: 0.064 Thread 0x00007f5bec00a000 Exception <a 'java/security/PrivilegedActionException'> (0x000000076d09d518) thrown at [/build/openjdk-8-pZyJp3/openjdk-8-8u131-b11/src/hotspot/src/share/vm/prims/jvm.cpp, line 1390]
Event: 0.116 Thread 0x00007f5bec00a000 Exception <a 'java/lang/NoSuchFieldError': method resolution failed> (0x000000076d392938) thrown at [/build/openjdk-8-pZyJp3/openjdk-8-8u131-b11/src/hotspot/src/share/vm/prims/methodHandles.cpp, line 1146]
Event: 0.117 Thread 0x00007f5bec00a000 Exception <a 'java/lang/NoSuchFieldError': method resolution failed> (0x000000076d39fea0) thrown at [/build/openjdk-8-pZyJp3/openjdk-8-8u131-b11/src/hotspot/src/share/vm/prims/methodHandles.cpp, line 1146]

Events (10 events):
Event: 0.159 loading class sun/reflect/UnsafeByteFieldAccessorImpl done
Event: 0.159 loading class com/sun/jna/Structure$ByReference
Event: 0.159 loading class com/sun/jna/Structure$ByReference done
Event: 0.159 loading class com/sun/jna/Structure$FFIType$size_t
Event: 0.159 loading class com/sun/jna/Structure$FFIType$size_t done
Event: 0.160 loading class sun/reflect/UnsafeObjectFieldAccessorImpl
Event: 0.160 loading class sun/reflect/UnsafeObjectFieldAccessorImpl done
Event: 0.160 loading class com/sun/jna/Structure$StructureSet
Event: 0.160 loading class com/sun/jna/Structure$StructureSet done
Event: 0.164 Thread 0x00007f5bec26a800 Thread added: 0x00007f5bec26a800


Dynamic libraries:
00400000-00401000 r-xp 00000000 103:06 1474704                           /usr/lib/jvm/java-8-openjdk-amd64/jre/bin/java
00600000-00601000 r--p 00000000 103:06 1474704                           /usr/lib/jvm/java-8-openjdk-amd64/jre/bin/java
00601000-00602000 rw-p 00001000 103:06 1474704                           /usr/lib/jvm/java-8-openjdk-amd64/jre/bin/java
01293000-012b4000 rw-p 00000000 00:00 0                                  [heap]
6c6e00000-6d1500000 rw-p 00000000 00:00 0 
6d1500000-76cf80000 ---p 00000000 00:00 0 
76cf80000-772280000 rw-p 00000000 00:00 0 
772280000-7c0000000 ---p 00000000 00:00 0 
7c0000000-7c00c0000 rw-p 00000000 00:00 0 
7c00c0000-800000000 ---p 00000000 00:00 0 
7f5b70000000-7f5b70021000 rw-p 00000000 00:00 0 
7f5b70021000-7f5b74000000 ---p 00000000 00:00 0 
7f5b78000000-7f5b78021000 rw-p 00000000 00:00 0 
7f5b78021000-7f5b7c000000 ---p 00000000 00:00 0 
7f5b7c000000-7f5b7c021000 rw-p 00000000 00:00 0 
7f5b7c021000-7f5b80000000 ---p 00000000 00:00 0 
7f5b80000000-7f5b801c4000 rw-p 00000000 00:00 0 
7f5b801c4000-7f5b84000000 ---p 00000000 00:00 0 
7f5b84000000-7f5b84021000 rw-p 00000000 00:00 0 
7f5b84021000-7f5b88000000 ---p 00000000 00:00 0 
7f5b88000000-7f5b88023000 rw-p 00000000 00:00 0 
7f5b88023000-7f5b8c000000 ---p 00000000 00:00 0 
7f5b8c000000-7f5b8c139000 rw-p 00000000 00:00 0 
7f5b8c139000-7f5b90000000 ---p 00000000 00:00 0 
7f5b90000000-7f5b90021000 rw-p 00000000 00:00 0 
7f5b90021000-7f5b94000000 ---p 00000000 00:00 0 
7f5b94000000-7f5b940d1000 rw-p 00000000 00:00 0 
7f5b940d1000-7f5b98000000 ---p 00000000 00:00 0 
7f5b98000000-7f5b98021000 rw-p 00000000 00:00 0 
7f5b98021000-7f5b9c000000 ---p 00000000 00:00 0 
7f5b9c000000-7f5b9c021000 rw-p 00000000 00:00 0 
7f5b9c021000-7f5ba0000000 ---p 00000000 00:00 0 
7f5ba0000000-7f5ba0021000 rw-p 00000000 00:00 0 
7f5ba0021000-7f5ba4000000 ---p 00000000 00:00 0 
7f5ba4370000-7f5bac000000 rw-p 00000000 00:00 0 
7f5bac000000-7f5bac021000 rw-p 00000000 00:00 0 
7f5bac021000-7f5bb0000000 ---p 00000000 00:00 0 
7f5bb0000000-7f5bb0021000 rw-p 00000000 00:00 0 
7f5bb0021000-7f5bb4000000 ---p 00000000 00:00 0 
7f5bb4000000-7f5bb4021000 rw-p 00000000 00:00 0 
7f5bb4021000-7f5bb8000000 ---p 00000000 00:00 0 
7f5bbc000000-7f5bbc021000 rw-p 00000000 00:00 0 
7f5bbc021000-7f5bc0000000 ---p 00000000 00:00 0 
7f5bc0000000-7f5bc0021000 rw-p 00000000 00:00 0 
7f5bc0021000-7f5bc4000000 ---p 00000000 00:00 0 
7f5bc4000000-7f5bc4021000 rw-p 00000000 00:00 0 
7f5bc4021000-7f5bc8000000 ---p 00000000 00:00 0 
7f5bcc000000-7f5bcc021000 rw-p 00000000 00:00 0 
7f5bcc021000-7f5bd0000000 ---p 00000000 00:00 0 
7f5bd0c95000-7f5bd0c98000 ---p 00000000 00:00 0 
7f5bd0c98000-7f5bd0d96000 rw-p 00000000 00:00 0 
7f5bd0d96000-7f5bd0d97000 ---p 00000000 00:00 0 
7f5bd0d97000-7f5bd1597000 rw-p 00000000 00:00 0 
7f5bd1597000-7f5bd15ae000 r-xp 00000000 103:06 1708887                   /lib/x86_64-linux-gnu/libusb-1.0.so.0.1.0
7f5bd15ae000-7f5bd17ad000 ---p 00017000 103:06 1708887                   /lib/x86_64-linux-gnu/libusb-1.0.so.0.1.0
7f5bd17ad000-7f5bd17ae000 r--p 00016000 103:06 1708887                   /lib/x86_64-linux-gnu/libusb-1.0.so.0.1.0
7f5bd17ae000-7f5bd17af000 rw-p 00017000 103:06 1708887                   /lib/x86_64-linux-gnu/libusb-1.0.so.0.1.0
7f5bd17e2000-7f5bd17f4000 r-xp 00000000 103:06 1446479                   /usr/local/lib/libfreenect.so.0.6.0
7f5bd17f4000-7f5bd19f3000 ---p 00012000 103:06 1446479                   /usr/local/lib/libfreenect.so.0.6.0
7f5bd19f3000-7f5bd19f4000 r--p 00011000 103:06 1446479                   /usr/local/lib/libfreenect.so.0.6.0
7f5bd19f4000-7f5bd19f5000 rw-p 00012000 103:06 1446479                   /usr/local/lib/libfreenect.so.0.6.0
7f5bd19f5000-7f5bd1a0d000 r-xp 00000000 103:06 393270                    /tmp/jna-3506402/jna7598685696315715039.tmp (deleted)
7f5bd1a0d000-7f5bd1c0d000 ---p 00018000 103:06 393270                    /tmp/jna-3506402/jna7598685696315715039.tmp (deleted)
7f5bd1c0d000-7f5bd1c0e000 rw-p 00018000 103:06 393270                    /tmp/jna-3506402/jna7598685696315715039.tmp (deleted)
7f5bd1c0e000-7f5bd1c0f000 ---p 00000000 00:00 0 
7f5bd1c0f000-7f5bd1d0f000 rw-p 00000000 00:00 0 
7f5bd1d0f000-7f5bd1d12000 ---p 00000000 00:00 0 
7f5bd1d12000-7f5bd1e10000 rw-p 00000000 00:00 0 
7f5bd1e10000-7f5bd1e13000 ---p 00000000 00:00 0 
7f5bd1e13000-7f5bd1f11000 rw-p 00000000 00:00 0 
7f5bd1f11000-7f5bd1f14000 ---p 00000000 00:00 0 
7f5bd1f14000-7f5bd2012000 rw-p 00000000 00:00 0 
7f5bd2012000-7f5bd2015000 ---p 00000000 00:00 0 
7f5bd2015000-7f5bd2113000 rw-p 00000000 00:00 0 
7f5bd2113000-7f5bd2116000 ---p 00000000 00:00 0 
7f5bd2116000-7f5bd2214000 rw-p 00000000 00:00 0 
7f5bd2214000-7f5bd2217000 ---p 00000000 00:00 0 
7f5bd2217000-7f5bd2315000 rw-p 00000000 00:00 0 
7f5bd2315000-7f5bd3dfe000 r--p 00000000 103:06 1447162                   /usr/lib/locale/locale-archive
7f5bd3dfe000-7f5bd3e01000 ---p 00000000 00:00 0 
7f5bd3e01000-7f5bd3eff000 rw-p 00000000 00:00 0 
7f5bd3eff000-7f5bd3f02000 ---p 00000000 00:00 0 
7f5bd3f02000-7f5bd4000000 rw-p 00000000 00:00 0 
7f5bd4000000-7f5bd4021000 rw-p 00000000 00:00 0 
7f5bd4021000-7f5bd8000000 ---p 00000000 00:00 0 
7f5bd8008000-7f5bd800f000 r--s 00000000 103:06 1575085                   /usr/lib/x86_64-linux-gnu/gconv/gconv-modules.cache
7f5bd800f000-7f5bd8010000 r--p 00000000 00:00 0 
7f5bd8010000-7f5bd8011000 rwxp 00000000 00:00 0 
7f5bd8011000-7f5bd802f000 r-xp 00000000 103:06 1730415                   /lib/x86_64-linux-gnu/libudev.so.1.6.4
7f5bd802f000-7f5bd8030000 r--p 0001d000 103:06 1730415                   /lib/x86_64-linux-gnu/libudev.so.1.6.4
7f5bd8030000-7f5bd8031000 rw-p 0001e000 103:06 1730415                   /lib/x86_64-linux-gnu/libudev.so.1.6.4
7f5bd8031000-7f5bd8034000 ---p 00000000 00:00 0 
7f5bd8034000-7f5bd806a000 rw-p 00000000 00:00 0 
7f5bd806a000-7f5bd8085000 r--s 00394000 103:06 1474613                   /usr/lib/jvm/java-8-openjdk-amd64/jre/lib/ext/cldrdata.jar
7f5bd8085000-7f5bd80a0000 r--s 001d6000 103:06 1474614                   /usr/lib/jvm/java-8-openjdk-amd64/jre/lib/ext/nashorn.jar
7f5bd80a0000-7f5bd80a1000 ---p 00000000 00:00 0 
7f5bd80a1000-7f5bd9df1000 rw-p 00000000 00:00 0 
7f5bd9df1000-7f5bd9fbf000 r--s 03c13000 103:06 1474611                   /usr/lib/jvm/java-8-openjdk-amd64/jre/lib/rt.jar
7f5bd9fbf000-7f5bda4b5000 rw-p 00000000 00:00 0 
7f5bda4b5000-7f5bda835000 ---p 00000000 00:00 0 
7f5bda835000-7f5bdaffe000 rw-p 00000000 00:00 0 
7f5bdaffe000-7f5bdafff000 ---p 00000000 00:00 0 
7f5bdafff000-7f5bdb0ff000 rw-p 00000000 00:00 0 
7f5bdb0ff000-7f5bdb100000 ---p 00000000 00:00 0 
7f5bdb100000-7f5bdb200000 rw-p 00000000 00:00 0 
7f5bdb200000-7f5bdb201000 ---p 00000000 00:00 0 
7f5bdb201000-7f5bdb301000 rw-p 00000000 00:00 0 
7f5bdb301000-7f5bdb302000 ---p 00000000 00:00 0 
7f5bdb302000-7f5bdb402000 rw-p 00000000 00:00 0 
7f5bdb402000-7f5bdb403000 ---p 00000000 00:00 0 
7f5bdb403000-7f5bdb503000 rw-p 00000000 00:00 0 
7f5bdb503000-7f5bdb504000 ---p 00000000 00:00 0 
7f5bdb504000-7f5bdb604000 rw-p 00000000 00:00 0 
7f5bdb604000-7f5bdb605000 ---p 00000000 00:00 0 
7f5bdb605000-7f5bdb759000 rw-p 00000000 00:00 0 
7f5bdb759000-7f5bdbc36000 ---p 00000000 00:00 0 
7f5bdbc36000-7f5bdbc8a000 rw-p 00000000 00:00 0 
7f5bdbc8a000-7f5bdc166000 ---p 00000000 00:00 0 
7f5bdc166000-7f5bdc191000 rw-p 00000000 00:00 0 
7f5bdc191000-7f5bdc3ff000 ---p 00000000 00:00 0 
7f5bdc3ff000-7f5bdc40a000 rw-p 00000000 00:00 0 
7f5bdc40a000-7f5bdc7c0000 ---p 00000000 00:00 0 
7f5bdc7c0000-7f5bdca30000 rwxp 00000000 00:00 0 
7f5bdca30000-7f5beb7c0000 ---p 00000000 00:00 0 
7f5beb7c0000-7f5beb7c8000 r-xp 00000000 103:06 1474638                   /usr/lib/jvm/java-8-openjdk-amd64/jre/lib/amd64/libzip.so
7f5beb7c8000-7f5beb9c7000 ---p 00008000 103:06 1474638                   /usr/lib/jvm/java-8-openjdk-amd64/jre/lib/amd64/libzip.so
7f5beb9c7000-7f5beb9c8000 r--p 00007000 103:06 1474638                   /usr/lib/jvm/java-8-openjdk-amd64/jre/lib/amd64/libzip.so
7f5beb9c8000-7f5beb9c9000 rw-p 00008000 103:06 1474638                   /usr/lib/jvm/java-8-openjdk-amd64/jre/lib/amd64/libzip.so
7f5beb9c9000-7f5beb9d4000 r-xp 00000000 103:06 1708806                   /lib/x86_64-linux-gnu/libnss_files-2.23.so
7f5beb9d4000-7f5bebbd3000 ---p 0000b000 103:06 1708806                   /lib/x86_64-linux-gnu/libnss_files-2.23.so
7f5bebbd3000-7f5bebbd4000 r--p 0000a000 103:06 1708806                   /lib/x86_64-linux-gnu/libnss_files-2.23.so
7f5bebbd4000-7f5bebbd5000 rw-p 0000b000 103:06 1708806                   /lib/x86_64-linux-gnu/libnss_files-2.23.so
7f5bebbd5000-7f5bebbdb000 rw-p 00000000 00:00 0 
7f5bebbdb000-7f5bebbe6000 r-xp 00000000 103:06 1708816                   /lib/x86_64-linux-gnu/libnss_nis-2.23.so
7f5bebbe6000-7f5bebde5000 ---p 0000b000 103:06 1708816                   /lib/x86_64-linux-gnu/libnss_nis-2.23.so
7f5bebde5000-7f5bebde6000 r--p 0000a000 103:06 1708816                   /lib/x86_64-linux-gnu/libnss_nis-2.23.so
7f5bebde6000-7f5bebde7000 rw-p 0000b000 103:06 1708816                   /lib/x86_64-linux-gnu/libnss_nis-2.23.so
7f5bebde7000-7f5bebdfd000 r-xp 00000000 103:06 1708800                   /lib/x86_64-linux-gnu/libnsl-2.23.so
7f5bebdfd000-7f5bebffc000 ---p 00016000 103:06 1708800                   /lib/x86_64-linux-gnu/libnsl-2.23.so
7f5bebffc000-7f5bebffd000 r--p 00015000 103:06 1708800                   /lib/x86_64-linux-gnu/libnsl-2.23.so
7f5bebffd000-7f5bebffe000 rw-p 00016000 103:06 1708800                   /lib/x86_64-linux-gnu/libnsl-2.23.so
7f5bebffe000-7f5bec000000 rw-p 00000000 00:00 0 
7f5bec000000-7f5bec275000 rw-p 00000000 00:00 0 
7f5bec275000-7f5bf0000000 ---p 00000000 00:00 0 
7f5bf0000000-7f5bf0005000 r--s 0009a000 103:06 1474623                   /usr/lib/jvm/java-8-openjdk-amd64/jre/lib/jsse.jar
7f5bf0005000-7f5bf0009000 r--s 0015c000 103:06 393238                    /home/mike/Dev/Git/KinectIRTracker/KinectIRTracker/lib/jna-4.5.1.jar
7f5bf0009000-7f5bf000b000 r--s 00005000 103:06 2532326                   /home/mike/Dev/Git/KinectIRTracker/KinectIRTracker/lib/freenect-1.0.jar
7f5bf000b000-7f5bf004d000 rw-p 00000000 00:00 0 
7f5bf004d000-7f5bf004e000 ---p 00000000 00:00 0 
7f5bf004e000-7f5bf014e000 rw-p 00000000 00:00 0 
7f5bf014e000-7f5bf0156000 r-xp 00000000 103:06 1708802                   /lib/x86_64-linux-gnu/libnss_compat-2.23.so
7f5bf0156000-7f5bf0355000 ---p 00008000 103:06 1708802                   /lib/x86_64-linux-gnu/libnss_compat-2.23.so
7f5bf0355000-7f5bf0356000 r--p 00007000 103:06 1708802                   /lib/x86_64-linux-gnu/libnss_compat-2.23.so
7f5bf0356000-7f5bf0357000 rw-p 00008000 103:06 1708802                   /lib/x86_64-linux-gnu/libnss_compat-2.23.so
7f5bf0357000-7f5bf0384000 r-xp 00000000 103:06 1474653                   /usr/lib/jvm/java-8-openjdk-amd64/jre/lib/amd64/libjava.so
7f5bf0384000-7f5bf0583000 ---p 0002d000 103:06 1474653                   /usr/lib/jvm/java-8-openjdk-amd64/jre/lib/amd64/libjava.so
7f5bf0583000-7f5bf0584000 r--p 0002c000 103:06 1474653                   /usr/lib/jvm/java-8-openjdk-amd64/jre/lib/amd64/libjava.so
7f5bf0584000-7f5bf0586000 rw-p 0002d000 103:06 1474653                   /usr/lib/jvm/java-8-openjdk-amd64/jre/lib/amd64/libjava.so
7f5bf0586000-7f5bf0595000 r-xp 00000000 103:06 1474631                   /usr/lib/jvm/java-8-openjdk-amd64/jre/lib/amd64/libverify.so
7f5bf0595000-7f5bf0794000 ---p 0000f000 103:06 1474631                   /usr/lib/jvm/java-8-openjdk-amd64/jre/lib/amd64/libverify.so
7f5bf0794000-7f5bf0796000 r--p 0000e000 103:06 1474631                   /usr/lib/jvm/java-8-openjdk-amd64/jre/lib/amd64/libverify.so
7f5bf0796000-7f5bf0797000 rw-p 00010000 103:06 1474631                   /usr/lib/jvm/java-8-openjdk-amd64/jre/lib/amd64/libverify.so
7f5bf0797000-7f5bf079e000 r-xp 00000000 103:06 1708861                   /lib/x86_64-linux-gnu/librt-2.23.so
7f5bf079e000-7f5bf099d000 ---p 00007000 103:06 1708861                   /lib/x86_64-linux-gnu/librt-2.23.so
7f5bf099d000-7f5bf099e000 r--p 00006000 103:06 1708861                   /lib/x86_64-linux-gnu/librt-2.23.so
7f5bf099e000-7f5bf099f000 rw-p 00007000 103:06 1708861                   /lib/x86_64-linux-gnu/librt-2.23.so
7f5bf099f000-7f5bf09b5000 r-xp 00000000 103:06 1708745                   /lib/x86_64-linux-gnu/libgcc_s.so.1
7f5bf09b5000-7f5bf0bb4000 ---p 00016000 103:06 1708745                   /lib/x86_64-linux-gnu/libgcc_s.so.1
7f5bf0bb4000-7f5bf0bb5000 rw-p 00015000 103:06 1708745                   /lib/x86_64-linux-gnu/libgcc_s.so.1
7f5bf0bb5000-7f5bf0cbd000 r-xp 00000000 103:06 1708777                   /lib/x86_64-linux-gnu/libm-2.23.so
7f5bf0cbd000-7f5bf0ebc000 ---p 00108000 103:06 1708777                   /lib/x86_64-linux-gnu/libm-2.23.so
7f5bf0ebc000-7f5bf0ebd000 r--p 00107000 103:06 1708777                   /lib/x86_64-linux-gnu/libm-2.23.so
7f5bf0ebd000-7f5bf0ebe000 rw-p 00108000 103:06 1708777                   /lib/x86_64-linux-gnu/libm-2.23.so
7f5bf0ebe000-7f5bf1030000 r-xp 00000000 103:06 1449776                   /usr/lib/x86_64-linux-gnu/libstdc++.so.6.0.21
7f5bf1030000-7f5bf1230000 ---p 00172000 103:06 1449776                   /usr/lib/x86_64-linux-gnu/libstdc++.so.6.0.21
7f5bf1230000-7f5bf123a000 r--p 00172000 103:06 1449776                   /usr/lib/x86_64-linux-gnu/libstdc++.so.6.0.21
7f5bf123a000-7f5bf123c000 rw-p 0017c000 103:06 1449776                   /usr/lib/x86_64-linux-gnu/libstdc++.so.6.0.21
7f5bf123c000-7f5bf1240000 rw-p 00000000 00:00 0 
7f5bf1240000-7f5bf1e94000 r-xp 00000000 103:06 1474637                   /usr/lib/jvm/java-8-openjdk-amd64/jre/lib/amd64/server/libjvm.so
7f5bf1e94000-7f5bf2094000 ---p 00c54000 103:06 1474637                   /usr/lib/jvm/java-8-openjdk-amd64/jre/lib/amd64/server/libjvm.so
7f5bf2094000-7f5bf2127000 r--p 00c54000 103:06 1474637                   /usr/lib/jvm/java-8-openjdk-amd64/jre/lib/amd64/server/libjvm.so
7f5bf2127000-7f5bf2150000 rw-p 00ce7000 103:06 1474637                   /usr/lib/jvm/java-8-openjdk-amd64/jre/lib/amd64/server/libjvm.so
7f5bf2150000-7f5bf2180000 rw-p 00000000 00:00 0 
7f5bf2180000-7f5bf2198000 r-xp 00000000 103:06 1708853                   /lib/x86_64-linux-gnu/libpthread-2.23.so
7f5bf2198000-7f5bf2397000 ---p 00018000 103:06 1708853                   /lib/x86_64-linux-gnu/libpthread-2.23.so
7f5bf2397000-7f5bf2398000 r--p 00017000 103:06 1708853                   /lib/x86_64-linux-gnu/libpthread-2.23.so
7f5bf2398000-7f5bf2399000 rw-p 00018000 103:06 1708853                   /lib/x86_64-linux-gnu/libpthread-2.23.so
7f5bf2399000-7f5bf239d000 rw-p 00000000 00:00 0 
7f5bf239d000-7f5bf23a0000 r-xp 00000000 103:06 1708731                   /lib/x86_64-linux-gnu/libdl-2.23.so
7f5bf23a0000-7f5bf259f000 ---p 00003000 103:06 1708731                   /lib/x86_64-linux-gnu/libdl-2.23.so
7f5bf259f000-7f5bf25a0000 r--p 00002000 103:06 1708731                   /lib/x86_64-linux-gnu/libdl-2.23.so
7f5bf25a0000-7f5bf25a1000 rw-p 00003000 103:06 1708731                   /lib/x86_64-linux-gnu/libdl-2.23.so
7f5bf25a1000-7f5bf25ba000 r-xp 00000000 103:06 1708897                   /lib/x86_64-linux-gnu/libz.so.1.2.8
7f5bf25ba000-7f5bf27b9000 ---p 00019000 103:06 1708897                   /lib/x86_64-linux-gnu/libz.so.1.2.8
7f5bf27b9000-7f5bf27ba000 r--p 00018000 103:06 1708897                   /lib/x86_64-linux-gnu/libz.so.1.2.8
7f5bf27ba000-7f5bf27bb000 rw-p 00019000 103:06 1708897                   /lib/x86_64-linux-gnu/libz.so.1.2.8
7f5bf27bb000-7f5bf297b000 r-xp 00000000 103:06 1708707                   /lib/x86_64-linux-gnu/libc-2.23.so
7f5bf297b000-7f5bf2b7b000 ---p 001c0000 103:06 1708707                   /lib/x86_64-linux-gnu/libc-2.23.so
7f5bf2b7b000-7f5bf2b7f000 r--p 001c0000 103:06 1708707                   /lib/x86_64-linux-gnu/libc-2.23.so
7f5bf2b7f000-7f5bf2b81000 rw-p 001c4000 103:06 1708707                   /lib/x86_64-linux-gnu/libc-2.23.so
7f5bf2b81000-7f5bf2b85000 rw-p 00000000 00:00 0 
7f5bf2b85000-7f5bf2b92000 r-xp 00000000 103:06 1474629                   /usr/lib/jvm/java-8-openjdk-amd64/jre/lib/amd64/jli/libjli.so
7f5bf2b92000-7f5bf2d92000 ---p 0000d000 103:06 1474629                   /usr/lib/jvm/java-8-openjdk-amd64/jre/lib/amd64/jli/libjli.so
7f5bf2d92000-7f5bf2d93000 r--p 0000d000 103:06 1474629                   /usr/lib/jvm/java-8-openjdk-amd64/jre/lib/amd64/jli/libjli.so
7f5bf2d93000-7f5bf2d94000 rw-p 0000e000 103:06 1474629                   /usr/lib/jvm/java-8-openjdk-amd64/jre/lib/amd64/jli/libjli.so
7f5bf2d94000-7f5bf2dba000 r-xp 00000000 103:06 1708679                   /lib/x86_64-linux-gnu/ld-2.23.so
7f5bf2dba000-7f5bf2dbe000 r--s 00037000 103:06 1474616                   /usr/lib/jvm/java-8-openjdk-amd64/jre/lib/ext/sunpkcs11.jar
7f5bf2dbe000-7f5bf2dc1000 r--s 0000f000 103:06 1474620                   /usr/lib/jvm/java-8-openjdk-amd64/jre/lib/ext/icedtea-sound.jar
7f5bf2dc1000-7f5bf2dc3000 r--s 00001000 103:06 1474617                   /usr/lib/jvm/java-8-openjdk-amd64/jre/lib/ext/dnsns.jar
7f5bf2dc3000-7f5bf2dc4000 r--s 00010000 103:06 1474622                   /usr/lib/jvm/java-8-openjdk-amd64/jre/lib/ext/zipfs.jar
7f5bf2dc4000-7f5bf2dc9000 r--s 0003b000 103:06 1474619                   /usr/lib/jvm/java-8-openjdk-amd64/jre/lib/ext/sunjce_provider.jar
7f5bf2dc9000-7f5bf2dd3000 r--s 00116000 103:06 1474615                   /usr/lib/jvm/java-8-openjdk-amd64/jre/lib/ext/localedata.jar
7f5bf2dd3000-7f5bf2dd5000 r--s 00008000 103:06 1474621                   /usr/lib/jvm/java-8-openjdk-amd64/jre/lib/ext/sunec.jar
7f5bf2dd5000-7f5bf2e7e000 rw-p 00000000 00:00 0 
7f5bf2e7e000-7f5bf2e81000 ---p 00000000 00:00 0 
7f5bf2e81000-7f5bf2f84000 rw-p 00000000 00:00 0 
7f5bf2f84000-7f5bf2f85000 r--s 0000a000 103:06 1474618                   /usr/lib/jvm/java-8-openjdk-amd64/jre/lib/ext/jaccess.jar
7f5bf2f85000-7f5bf2fad000 rw-p 00000000 00:00 0 
7f5bf2fad000-7f5bf2fb5000 rw-s 00000000 103:06 393269                    /tmp/hsperfdata_root/12772
7f5bf2fb5000-7f5bf2fb6000 rw-p 00000000 00:00 0 
7f5bf2fb6000-7f5bf2fb7000 r--p 00000000 00:00 0 
7f5bf2fb7000-7f5bf2fb9000 rw-p 00000000 00:00 0 
7f5bf2fb9000-7f5bf2fba000 r--p 00025000 103:06 1708679                   /lib/x86_64-linux-gnu/ld-2.23.so
7f5bf2fba000-7f5bf2fbb000 rw-p 00026000 103:06 1708679                   /lib/x86_64-linux-gnu/ld-2.23.so
7f5bf2fbb000-7f5bf2fbc000 rw-p 00000000 00:00 0 
7fff45d78000-7fff45d99000 rw-p 00000000 00:00 0                          [stack]
7fff45da9000-7fff45dab000 r--p 00000000 00:00 0                          [vvar]
7fff45dab000-7fff45dad000 r-xp 00000000 00:00 0                          [vdso]
ffffffffff600000-ffffffffff601000 r-xp 00000000 00:00 0                  [vsyscall]

VM Arguments:
jvm_args: -Dfile.encoding=UTF-8 
java_command: main.java.org.kinectirtracker.KinectIRTracker
java_class_path (initial): /home/mike/Dev/Git/KinectIRTracker/KinectIRTracker/bin:/home/mike/Dev/Git/KinectIRTracker/KinectIRTracker/lib/freenect-1.0.jar:/home/mike/Dev/Git/KinectIRTracker/KinectIRTracker/lib/jna-4.5.1.jar
Launcher Type: SUN_STANDARD

Environment Variables:
PATH=/usr/local/sbin:/usr/local/bin:/usr/sbin:/usr/bin:/sbin:/bin:/snap/bin
USERNAME=root
SHELL=/bin/bash
DISPLAY=:0

Signal Handlers:
SIGSEGV: [libjvm.so+0xa6ad10], sa_mask[0]=11111111011111111101111111111110, sa_flags=SA_RESTART|SA_SIGINFO
SIGBUS: [libjvm.so+0xa6ad10], sa_mask[0]=11111111011111111101111111111110, sa_flags=SA_RESTART|SA_SIGINFO
SIGFPE: [libjvm.so+0x8b3bc0], sa_mask[0]=11111111011111111101111111111110, sa_flags=SA_RESTART|SA_SIGINFO
SIGPIPE: [libjvm.so+0x8b3bc0], sa_mask[0]=11111111011111111101111111111110, sa_flags=SA_RESTART|SA_SIGINFO
SIGXFSZ: [libjvm.so+0x8b3bc0], sa_mask[0]=11111111011111111101111111111110, sa_flags=SA_RESTART|SA_SIGINFO
SIGILL: [libjvm.so+0x8b3bc0], sa_mask[0]=11111111011111111101111111111110, sa_flags=SA_RESTART|SA_SIGINFO
SIGUSR1: SIG_DFL, sa_mask[0]=00000000000000000000000000000000, sa_flags=none
SIGUSR2: [libjvm.so+0x8b3a70], sa_mask[0]=00100000000000000000000000000000, sa_flags=SA_RESTART|SA_SIGINFO
SIGHUP: [libjvm.so+0x8b3f40], sa_mask[0]=11111111011111111101111111111110, sa_flags=SA_RESTART|SA_SIGINFO
SIGINT: [libjvm.so+0x8b3f40], sa_mask[0]=11111111011111111101111111111110, sa_flags=SA_RESTART|SA_SIGINFO
SIGTERM: [libjvm.so+0x8b3f40], sa_mask[0]=11111111011111111101111111111110, sa_flags=SA_RESTART|SA_SIGINFO
SIGQUIT: [libjvm.so+0x8b3f40], sa_mask[0]=11111111011111111101111111111110, sa_flags=SA_RESTART|SA_SIGINFO


---------------  S Y S T E M  ---------------

OS:DISTRIB_ID="elementary"
DISTRIB_RELEASE=0.4.1
DISTRIB_CODENAME=loki
DISTRIB_DESCRIPTION="elementary OS 0.4.1 Loki"

uname:Linux 4.10.0-38-generic #42~16.04.1-Ubuntu SMP Tue Oct 10 16:32:20 UTC 2017 x86_64
libc:glibc 2.23 NPTL 2.23 
rlimit: STACK 8192k, CORE 0k, NPROC 63282, NOFILE 1048576, AS infinity
load average:1.83 1.06 0.82

/proc/meminfo:
MemTotal:       16319952 kB
MemFree:         6495644 kB
MemAvailable:   11322512 kB
Buffers:          321756 kB
Cached:          4920020 kB
SwapCached:            0 kB
Active:          6592636 kB
Inactive:        2647496 kB
Active(anon):    3906036 kB
Inactive(anon):   481604 kB
Active(file):    2686600 kB
Inactive(file):  2165892 kB
Unevictable:          48 kB
Mlocked:              48 kB
SwapTotal:      16667644 kB
SwapFree:       16667644 kB
Dirty:              6364 kB
Writeback:             0 kB
AnonPages:       3301136 kB
Mapped:           755280 kB
Shmem:            389288 kB
Slab:             378036 kB
SReclaimable:     320748 kB
SUnreclaim:        57288 kB
KernelStack:       10676 kB
PageTables:        40612 kB
NFS_Unstable:          0 kB
Bounce:                0 kB
WritebackTmp:          0 kB
CommitLimit:    24827620 kB
Committed_AS:    8711364 kB
VmallocTotal:   34359738367 kB
VmallocUsed:           0 kB
VmallocChunk:          0 kB
HardwareCorrupted:     0 kB
AnonHugePages:   1636352 kB
ShmemHugePages:        0 kB
ShmemPmdMapped:        0 kB
CmaTotal:              0 kB
CmaFree:               0 kB
HugePages_Total:       0
HugePages_Free:        0
HugePages_Rsvd:        0
HugePages_Surp:        0
Hugepagesize:       2048 kB
DirectMap4k:      625920 kB
DirectMap2M:    13944832 kB
DirectMap1G:     2097152 kB


CPU:total 8 (initial active 8) (4 cores per cpu, 2 threads per core) family 6 model 94 stepping 3, cmov, cx8, fxsr, mmx, sse, sse2, sse3, ssse3, sse4.1, sse4.2, popcnt, avx, avx2, aes, clmul, erms, rtm, 3dnowpref, lzcnt, ht, tsc, tscinvbit, bmi1, bmi2, adx

/proc/cpuinfo:
processor	: 0
vendor_id	: GenuineIntel
cpu family	: 6
model		: 94
model name	: Intel(R) Core(TM) i7-6700HQ CPU @ 2.60GHz
stepping	: 3
microcode	: 0x84
cpu MHz		: 3109.399
cache size	: 6144 KB
physical id	: 0
siblings	: 8
core id		: 0
cpu cores	: 4
apicid		: 0
initial apicid	: 0
fpu		: yes
fpu_exception	: yes
cpuid level	: 22
wp		: yes
flags		: fpu vme de pse tsc msr pae mce cx8 apic sep mtrr pge mca cmov pat pse36 clflush dts acpi mmx fxsr sse sse2 ss ht tm pbe syscall nx pdpe1gb rdtscp lm constant_tsc art arch_perfmon pebs bts rep_good nopl xtopology nonstop_tsc aperfmperf tsc_known_freq pni pclmulqdq dtes64 monitor ds_cpl vmx est tm2 ssse3 sdbg fma cx16 xtpr pdcm pcid sse4_1 sse4_2 x2apic movbe popcnt tsc_deadline_timer aes xsave avx f16c rdrand lahf_lm abm 3dnowprefetch epb intel_pt tpr_shadow vnmi flexpriority ept vpid fsgsbase tsc_adjust bmi1 hle avx2 smep bmi2 erms invpcid rtm mpx rdseed adx smap clflushopt xsaveopt xsavec xgetbv1 xsaves dtherm ida arat pln pts hwp hwp_notify hwp_act_window hwp_epp
bugs		:
bogomips	: 5184.00
clflush size	: 64
cache_alignment	: 64
address sizes	: 39 bits physical, 48 bits virtual
power management:

processor	: 1
vendor_id	: GenuineIntel
cpu family	: 6
model		: 94
model name	: Intel(R) Core(TM) i7-6700HQ CPU @ 2.60GHz
stepping	: 3
microcode	: 0x84
cpu MHz		: 3101.782
cache size	: 6144 KB
physical id	: 0
siblings	: 8
core id		: 1
cpu cores	: 4
apicid		: 2
initial apicid	: 2
fpu		: yes
fpu_exception	: yes
cpuid level	: 22
wp		: yes
flags		: fpu vme de pse tsc msr pae mce cx8 apic sep mtrr pge mca cmov pat pse36 clflush dts acpi mmx fxsr sse sse2 ss ht tm pbe syscall nx pdpe1gb rdtscp lm constant_tsc art arch_perfmon pebs bts rep_good nopl xtopology nonstop_tsc aperfmperf tsc_known_freq pni pclmulqdq dtes64 monitor ds_cpl vmx est tm2 ssse3 sdbg fma cx16 xtpr pdcm pcid sse4_1 sse4_2 x2apic movbe popcnt tsc_deadline_timer aes xsave avx f16c rdrand lahf_lm abm 3dnowprefetch epb intel_pt tpr_shadow vnmi flexpriority ept vpid fsgsbase tsc_adjust bmi1 hle avx2 smep bmi2 erms invpcid rtm mpx rdseed adx smap clflushopt xsaveopt xsavec xgetbv1 xsaves dtherm ida arat pln pts hwp hwp_notify hwp_act_window hwp_epp
bugs		:
bogomips	: 5184.00
clflush size	: 64
cache_alignment	: 64
address sizes	: 39 bits physical, 48 bits virtual
power management:

processor	: 2
vendor_id	: GenuineIntel
cpu family	: 6
model		: 94
model name	: Intel(R) Core(TM) i7-6700HQ CPU @ 2.60GHz
stepping	: 3
microcode	: 0x84
cpu MHz		: 3088.293
cache size	: 6144 KB
physical id	: 0
siblings	: 8
core id		: 2
cpu cores	: 4
apicid		: 4
initial apicid	: 4
fpu		: yes
fpu_exception	: yes
cpuid level	: 22
wp		: yes
flags		: fpu vme de pse tsc msr pae mce cx8 apic sep mtrr pge mca cmov pat pse36 clflush dts acpi mmx fxsr sse sse2 ss ht tm pbe syscall nx pdpe1gb rdtscp lm constant_tsc art arch_perfmon pebs bts rep_good nopl xtopology nonstop_tsc aperfmperf tsc_known_freq pni pclmulqdq dtes64 monitor ds_cpl vmx est tm2 ssse3 sdbg fma cx16 xtpr pdcm pcid sse4_1 sse4_2 x2apic movbe popcnt tsc_deadline_timer aes xsave avx f16c rdrand lahf_lm abm 3dnowprefetch epb intel_pt tpr_shadow vnmi flexpriority ept vpid fsgsbase tsc_adjust bmi1 hle avx2 smep bmi2 erms invpcid rtm mpx rdseed adx smap clflushopt xsaveopt xsavec xgetbv1 xsaves dtherm ida arat pln pts hwp hwp_notify hwp_act_window hwp_epp
bugs		:
bogomips	: 5184.00
clflush size	: 64
cache_alignment	: 64
address sizes	: 39 bits physical, 48 bits virtual
power management:

processor	: 3
vendor_id	: GenuineIntel
cpu family	: 6
model		: 94
model name	: Intel(R) Core(TM) i7-6700HQ CPU @ 2.60GHz
stepping	: 3
microcode	: 0x84
cpu MHz		: 3116.540
cache size	: 6144 KB
physical id	: 0
siblings	: 8
core id		: 3
cpu cores	: 4
apicid		: 6
initial apicid	: 6
fpu		: yes
fpu_exception	: yes
cpuid level	: 22
wp		: yes
flags		: fpu vme de pse tsc msr pae mce cx8 apic sep mtrr pge mca cmov pat pse36 clflush dts acpi mmx fxsr sse sse2 ss ht tm pbe syscall nx pdpe1gb rdtscp lm constant_tsc art arch_perfmon pebs bts rep_good nopl xtopology nonstop_tsc aperfmperf tsc_known_freq pni pclmulqdq dtes64 monitor ds_cpl vmx est tm2 ssse3 sdbg fma cx16 xtpr pdcm pcid sse4_1 sse4_2 x2apic movbe popcnt tsc_deadline_timer aes xsave avx f16c rdrand lahf_lm abm 3dnowprefetch epb intel_pt tpr_shadow vnmi flexpriority ept vpid fsgsbase tsc_adjust bmi1 hle avx2 smep bmi2 erms invpcid rtm mpx rdseed adx smap clflushopt xsaveopt xsavec xgetbv1 xsaves dtherm ida arat pln pts hwp hwp_notify hwp_act_window hwp_epp
bugs		:
bogomips	: 5184.00
clflush size	: 64
cache_alignment	: 64
address sizes	: 39 bits physical, 48 bits virtual
power management:

processor	: 4
vendor_id	: GenuineIntel
cpu family	: 6
model		: 94
model name	: Intel(R) Core(TM) i7-6700HQ CPU @ 2.60GHz
stepping	: 3
microcode	: 0x84
cpu MHz		: 3121.459
cache size	: 6144 KB
physical id	: 0
siblings	: 8
core id		: 0
cpu cores	: 4
apicid		: 1
initial apicid	: 1
fpu		: yes
fpu_exception	: yes
cpuid level	: 22
wp		: yes
flags		: fpu vme de pse tsc msr pae mce cx8 apic sep mtrr pge mca cmov pat pse36 clflush dts acpi mmx fxsr sse sse2 ss ht tm pbe syscall nx pdpe1gb rdtscp lm constant_tsc art arch_perfmon pebs bts rep_good nopl xtopology nonstop_tsc aperfmperf tsc_known_freq pni pclmulqdq dtes64 monitor ds_cpl vmx est tm2 ssse3 sdbg fma cx16 xtpr pdcm pcid sse4_1 sse4_2 x2apic movbe popcnt tsc_deadline_timer aes xsave avx f16c rdrand lahf_lm abm 3dnowprefetch epb intel_pt tpr_shadow vnmi flexpriority ept vpid fsgsbase tsc_adjust bmi1 hle avx2 smep bmi2 erms invpcid rtm mpx rdseed adx smap clflushopt xsaveopt xsavec xgetbv1 xsaves dtherm ida arat pln pts hwp hwp_notify hwp_act_window hwp_epp
bugs		:
bogomips	: 5184.00
clflush size	: 64
cache_alignment	: 64
address sizes	: 39 bits physical, 48 bits virtual
power management:

processor	: 5
vendor_id	: GenuineIntel
cpu family	: 6
model		: 94
model name	: Intel(R) Core(TM) i7-6700HQ CPU @ 2.60GHz
stepping	: 3
microcode	: 0x84
cpu MHz		: 3081.945
cache size	: 6144 KB
physical id	: 0
siblings	: 8
core id		: 1
cpu cores	: 4
apicid		: 3
initial apicid	: 3
fpu		: yes
fpu_exception	: yes
cpuid level	: 22
wp		: yes
flags		: fpu vme de pse tsc msr pae mce cx8 apic sep mtrr pge mca cmov pat pse36 clflush dts acpi mmx fxsr sse sse2 ss ht tm pbe syscall nx pdpe1gb rdtscp lm constant_tsc art arch_perfmon pebs bts rep_good nopl xtopology nonstop_tsc aperfmperf tsc_known_freq pni pclmulqdq dtes64 monitor ds_cpl vmx est tm2 ssse3 sdbg fma cx16 xtpr pdcm pcid sse4_1 sse4_2 x2apic movbe popcnt tsc_deadline_timer aes xsave avx f16c rdrand lahf_lm abm 3dnowprefetch epb intel_pt tpr_shadow vnmi flexpriority ept vpid fsgsbase tsc_adjust bmi1 hle avx2 smep bmi2 erms invpcid rtm mpx rdseed adx smap clflushopt xsaveopt xsavec xgetbv1 xsaves dtherm ida arat pln pts hwp hwp_notify hwp_act_window hwp_epp
bugs		:
bogomips	: 5184.00
clflush size	: 64
cache_alignment	: 64
address sizes	: 39 bits physical, 48 bits virtual
power management:

processor	: 6
vendor_id	: GenuineIntel
cpu family	: 6
model		: 94
model name	: Intel(R) Core(TM) i7-6700HQ CPU @ 2.60GHz
stepping	: 3
microcode	: 0x84
cpu MHz		: 3010.375
cache size	: 6144 KB
physical id	: 0
siblings	: 8
core id		: 2
cpu cores	: 4
apicid		: 5
initial apicid	: 5
fpu		: yes
fpu_exception	: yes
cpuid level	: 22
wp		: yes
flags		: fpu vme de pse tsc msr pae mce cx8 apic sep mtrr pge mca cmov pat pse36 clflush dts acpi mmx fxsr sse sse2 ss ht tm pbe syscall nx pdpe1gb rdtscp lm constant_tsc art arch_perfmon pebs bts rep_good nopl xtopology nonstop_tsc aperfmperf tsc_known_freq pni pclmulqdq dtes64 monitor ds_cpl vmx est tm2 ssse3 sdbg fma cx16 xtpr pdcm pcid sse4_1 sse4_2 x2apic movbe popcnt tsc_deadline_timer aes xsave avx f16c rdrand lahf_lm abm 3dnowprefetch epb intel_pt tpr_shadow vnmi flexpriority ept vpid fsgsbase tsc_adjust bmi1 hle avx2 smep bmi2 erms invpcid rtm mpx rdseed adx smap clflushopt xsaveopt xsavec xgetbv1 xsaves dtherm ida arat pln pts hwp hwp_notify hwp_act_window hwp_epp
bugs		:
bogomips	: 5184.00
clflush size	: 64
cache_alignment	: 64
address sizes	: 39 bits physical, 48 bits virtual
power management:

processor	: 7
vendor_id	: GenuineIntel
cpu family	: 6
model		: 94
model name	: Intel(R) Core(TM) i7-6700HQ CPU @ 2.60GHz
stepping	: 3
microcode	: 0x84
cpu MHz		: 3122.888
cache size	: 6144 KB
physical id	: 0
siblings	: 8
core id		: 3
cpu cores	: 4
apicid		: 7
initial apicid	: 7
fpu		: yes
fpu_exception	: yes
cpuid level	: 22
wp		: yes
flags		: fpu vme de pse tsc msr pae mce cx8 apic sep mtrr pge mca cmov pat pse36 clflush dts acpi mmx fxsr sse sse2 ss ht tm pbe syscall nx pdpe1gb rdtscp lm constant_tsc art arch_perfmon pebs bts rep_good nopl xtopology nonstop_tsc aperfmperf tsc_known_freq pni pclmulqdq dtes64 monitor ds_cpl vmx est tm2 ssse3 sdbg fma cx16 xtpr pdcm pcid sse4_1 sse4_2 x2apic movbe popcnt tsc_deadline_timer aes xsave avx f16c rdrand lahf_lm abm 3dnowprefetch epb intel_pt tpr_shadow vnmi flexpriority ept vpid fsgsbase tsc_adjust bmi1 hle avx2 smep bmi2 erms invpcid rtm mpx rdseed adx smap clflushopt xsaveopt xsavec xgetbv1 xsaves dtherm ida arat pln pts hwp hwp_notify hwp_act_window hwp_epp
bugs		:
bogomips	: 5184.00
clflush size	: 64
cache_alignment	: 64
address sizes	: 39 bits physical, 48 bits virtual
power management:



Memory: 4k page, physical 16319952k(6495644k free), swap 16667644k(16667644k free)

vm_info: OpenJDK 64-Bit Server VM (25.131-b11) for linux-amd64 JRE (1.8.0_131-8u131-b11-2ubuntu1.16.04.3-b11), built on Jul 28 2017 01:23:32 by "buildd" with gcc 5.4.0 20160609

time: Mon Jan  8 18:13:28 2018
elapsed time: 0 seconds (0d 0h 0m 0s)

