#
# A fatal error has been detected by the Java Runtime Environment:
#
#  SIGSEGV (0xb) at pc=0x00007ff3cb5c02a6, pid=12897, tid=0x00007ff428cd7700
#
# JRE version: OpenJDK Runtime Environment (8.0_131-b11) (build 1.8.0_131-8u131-b11-2ubuntu1.16.04.3-b11)
# Java VM: OpenJDK 64-Bit Server VM (25.131-b11 mixed mode linux-amd64 compressed oops)
# Problematic frame:
# C  [libusb-1.0.so.0+0x82a6]  libusb_submit_transfer+0x96
#
# Failed to write core dump. Core dumps have been disabled. To enable core dumping, try "ulimit -c unlimited" before starting Java again
#
# If you would like to submit a bug report, please visit:
#   http://bugreport.java.com/bugreport/crash.jsp
# The crash happened outside the Java Virtual Machine in native code.
# See problematic frame for where to report the bug.
#

---------------  T H R E A D  ---------------

Current thread (0x00007ff42000a000):  JavaThread "main" [_thread_in_native, id=12902, stack(0x00007ff428bd7000,0x00007ff428cd8000)]

siginfo: si_signo: 11 (SIGSEGV), si_code: 1 (SEGV_MAPERR), si_addr: 0x0000000000000040

Registers:
RAX=0x0000000000000000, RBX=0x00007ff42027eb70, RCX=0x0000000000000000, RDX=0x00007ff42027eb70
RSP=0x00007ff428cd5a00, RBP=0x00007ff42027eb00, RSI=0x0000000000000000, RDI=0x00007ff42027eb70
R8 =0x0000000000000000, R9 =0x00007ff428cd5b90, R10=0x000000000000009e, R11=0x00007ff3cb5c2780
R12=0x00007ff42027eb48, R13=0x0000000000000000, R14=0x00007ff42027eb98, R15=0x00007ff42027eb98
RIP=0x00007ff3cb5c02a6, EFLAGS=0x0000000000010246, CSGSFS=0x002b000000000033, ERR=0x0000000000000004
  TRAPNO=0x000000000000000e

Top of Stack: (sp=0x00007ff428cd5a00)
0x00007ff428cd5a00:   00000000000000f8 00000000000048c0
0x00007ff428cd5a10:   00007ff420284740 0000000000000001
0x00007ff428cd5a20:   00007ff428cd6610 00007ff420000020
0x00007ff428cd5a30:   0000000000000012 caab1f4512550e00
0x00007ff428cd5a40:   00000000000000c0 0000000000000000
0x00007ff428cd5a50:   0000000000000000 0000000000000000
0x00007ff428cd5a60:   00000000000000c0 000000000000000a
0x00007ff428cd5a70:   00007ff42027eb98 00007ff3cb5c28c2
0x00007ff428cd5a80:   00007ff420008a10 0000000000000000
0x00007ff428cd5a90:   00007ff400000032 00000000200077e8
0x00007ff428cd5aa0:   000000000000000a 00007ff428cd5b90
0x00007ff428cd5ab0:   0000000000000032 caab1f4512550e00
0x00007ff428cd5ac0:   0000000000000000 0000000000000008
0x00007ff428cd5ad0:   00007ff428cd5b40 00007ff420252f40
0x00007ff428cd5ae0:   0000000000000008 0000000000000001
0x00007ff428cd5af0:   00007ff428cd6610 00007ff3cb7daba1
0x00007ff428cd5b00:   000000000000000a 0000000000000000
0x00007ff428cd5b10:   00007ff42027e6f0 0000000a2000a000
0x00007ff428cd5b20:   00007ff428cd5b90 0000000020080000
0x00007ff428cd5b30:   00007fc02000a032 00007ff42027ea60
0x00007ff428cd5b40:   00007ff428cd5bb0 00007ff3cb7d3618
0x00007ff428cd5b50:   000000000000000a 0000000800000002
0x00007ff428cd5b60:   00007ff400000000 00007ff42027e6f0
0x00007ff428cd5b70:   00007ff42000a000 00007ff42000a000
0x00007ff428cd5b80:   00007ff42000a1e0 00007ff420255370
0x00007ff428cd5b90:   00007ff42000a000 00007ff42000a000
0x00007ff428cd5ba0:   00007ff428cd5d20 caab1f4512550e00
0x00007ff428cd5bb0:   00007ff428cd5bc0 00007ff3cb9f6564
0x00007ff428cd5bc0:   000000000000000a 00007ff428cd6790
0x00007ff428cd5bd0:   00007ff428cd5cd0 00007ff3cb9f62cb
0x00007ff428cd5be0:   00007ff428cd5cf0 0000003000000018
0x00007ff428cd5bf0:   00007ff428cd5d30 00007ff400000000 

Instructions: (pc=0x00007ff3cb5c02a6)
0x00007ff3cb5c0286:   00 00 00 41 c6 46 a8 00 45 85 ed 0f 85 b1 02 00
0x00007ff3cb5c0296:   00 48 89 df 41 88 46 a8 e8 7d b8 ff ff 49 8b 06
0x00007ff3cb5c02a6:   48 8b 40 40 4c 8b 68 30 49 8d 85 c8 00 00 00 48
0x00007ff3cb5c02b6:   89 c7 48 89 44 24 08 e8 fe b9 ff ff 49 8b 85 c0 

Register to memory mapping:

RAX=0x0000000000000000 is an unknown value
RBX=0x00007ff42027eb70 is an unknown value
RCX=0x0000000000000000 is an unknown value
RDX=0x00007ff42027eb70 is an unknown value
RSP=0x00007ff428cd5a00 is pointing into the stack for thread: 0x00007ff42000a000
RBP=0x00007ff42027eb00 is an unknown value
RSI=0x0000000000000000 is an unknown value
RDI=0x00007ff42027eb70 is an unknown value
R8 =0x0000000000000000 is an unknown value
R9 =0x00007ff428cd5b90 is pointing into the stack for thread: 0x00007ff42000a000
R10=0x000000000000009e is an unknown value
R11=0x00007ff3cb5c2780: libusb_control_transfer+0 in /lib/x86_64-linux-gnu/libusb-1.0.so.0 at 0x00007ff3cb5b8000
R12=0x00007ff42027eb48 is an unknown value
R13=0x0000000000000000 is an unknown value
R14=0x00007ff42027eb98 is an unknown value
R15=0x00007ff42027eb98 is an unknown value


Stack: [0x00007ff428bd7000,0x00007ff428cd8000],  sp=0x00007ff428cd5a00,  free space=1018k
Native frames: (J=compiled Java code, j=interpreted, Vv=VM code, C=native code)
C  [libusb-1.0.so.0+0x82a6]  libusb_submit_transfer+0x96

Java frames: (J=compiled Java code, j=interpreted, Vv=VM code)
j  org.openkinect.freenect.Freenect.freenect_update_tilt_state(Lorg/openkinect/freenect/Freenect$NativeDevice;)I+0
j  org.openkinect.freenect.Freenect.access$2200(Lorg/openkinect/freenect/Freenect$NativeDevice;)I+1
j  org.openkinect.freenect.Freenect$NativeDevice.refreshTiltState()V+1
j  org.openkinect.freenect.Freenect$NativeDevice.<init>(Lcom/sun/jna/Pointer;I)V+74
j  org.openkinect.freenect.Freenect$NativeContext.openDevice(I)Lorg/openkinect/freenect/Device;+55
j  main.java.org.kinectirtracker.KinectIRTracker.main([Ljava/lang/String;)V+6
v  ~StubRoutines::call_stub

---------------  P R O C E S S  ---------------

Java Threads: ( => current thread )
  0x00007ff420283800 JavaThread "FreenectEventThread" daemon [_thread_in_native, id=12924, stack(0x00007ff3cacb6000,0x00007ff3cadb7000)]
  0x00007ff420245000 JavaThread "process reaper" daemon [_thread_blocked, id=12922, stack(0x00007ff400085000,0x00007ff4000be000)]
  0x00007ff4200cb800 JavaThread "Service Thread" daemon [_thread_blocked, id=12919, stack(0x00007ff3cbcfd000,0x00007ff3cbdfe000)]
  0x00007ff4200be800 JavaThread "C1 CompilerThread3" daemon [_thread_blocked, id=12918, stack(0x00007ff3cbdfe000,0x00007ff3cbeff000)]
  0x00007ff4200ba000 JavaThread "C2 CompilerThread2" daemon [_thread_blocked, id=12917, stack(0x00007ff3cbeff000,0x00007ff3cc000000)]
  0x00007ff4200b8800 JavaThread "C2 CompilerThread1" daemon [_thread_blocked, id=12916, stack(0x00007ff3e006d000,0x00007ff3e016e000)]
  0x00007ff4200b5800 JavaThread "C2 CompilerThread0" daemon [_thread_blocked, id=12915, stack(0x00007ff3e016e000,0x00007ff3e026f000)]
  0x00007ff4200b3800 JavaThread "Signal Dispatcher" daemon [_thread_blocked, id=12914, stack(0x00007ff3e026f000,0x00007ff3e0370000)]
  0x00007ff42008b800 JavaThread "Finalizer" daemon [_thread_blocked, id=12913, stack(0x00007ff401bdd000,0x00007ff401cde000)]
  0x00007ff420087000 JavaThread "Reference Handler" daemon [_thread_blocked, id=12912, stack(0x00007ff401cde000,0x00007ff401ddf000)]
=>0x00007ff42000a000 JavaThread "main" [_thread_in_native, id=12902, stack(0x00007ff428bd7000,0x00007ff428cd8000)]

Other Threads:
  0x00007ff42007f800 VMThread [stack: 0x00007ff401ddf000,0x00007ff401ee0000] [id=12911]
  0x00007ff4200ce000 WatcherThread [stack: 0x00007ff3cbbfc000,0x00007ff3cbcfd000] [id=12920]

VM state:not at safepoint (normal execution)

VM Mutex/Monitor currently owned by a thread: None

Heap:
 PSYoungGen      total 74752K, used 9088K [0x000000076cf80000, 0x0000000772280000, 0x00000007c0000000)
  eden space 64512K, 14% used [0x000000076cf80000,0x000000076d8602b0,0x0000000770e80000)
  from space 10240K, 0% used [0x0000000771880000,0x0000000771880000,0x0000000772280000)
  to   space 10240K, 0% used [0x0000000770e80000,0x0000000770e80000,0x0000000771880000)
 ParOldGen       total 171008K, used 0K [0x00000006c6e00000, 0x00000006d1500000, 0x000000076cf80000)
  object space 171008K, 0% used [0x00000006c6e00000,0x00000006c6e00000,0x00000006d1500000)
 Metaspace       used 5120K, capacity 5248K, committed 5376K, reserved 1056768K
  class space    used 571K, capacity 642K, committed 768K, reserved 1048576K

Card table byte_map: [0x00007ff424add000,0x00007ff4252a7000] byte_map_base: 0x00007ff4214a6000

Marking Bits: (ParMarkBitMap*) 0x00007ff427ebc2c0
 Begin Bits: [0x00007ff3e0370000, 0x00007ff3e41b8000)
 End Bits:   [0x00007ff3e41b8000, 0x00007ff3e8000000)

Polling page: 0x00007ff428d0f000

CodeCache: size=245760Kb used=1913Kb max_used=1913Kb free=243846Kb
 bounds [0x00007ff411000000, 0x00007ff411270000, 0x00007ff420000000]
 total_blobs=647 nmethods=355 adapters=207
 compilation: enabled

Compilation events (10 events):
Event: 0.170 Thread 0x00007ff4200be800  351       3       java.lang.Class::reflectionData (49 bytes)
Event: 0.170 Thread 0x00007ff4200be800 nmethod 351 0x00007ff4111dc310 code [0x00007ff4111dc4a0, 0x00007ff4111dc9a8]
Event: 0.170 Thread 0x00007ff4200be800  352       3       java.util.WeakHashMap::eq (19 bytes)
Event: 0.170 Thread 0x00007ff4200be800 nmethod 352 0x00007ff4111dcb10 code [0x00007ff4111dcc80, 0x00007ff4111dcf08]
Event: 0.170 Thread 0x00007ff4200be800  354       3       java.util.WeakHashMap::get (77 bytes)
Event: 0.171 Thread 0x00007ff4200be800 nmethod 354 0x00007ff4111dcfd0 code [0x00007ff4111dd1c0, 0x00007ff4111dda68]
Event: 0.171 Thread 0x00007ff4200be800  355       3       java.lang.ThreadLocal$ThreadLocalMap::set (136 bytes)
Event: 0.171 Thread 0x00007ff4200be800 nmethod 355 0x00007ff4111dddd0 code [0x00007ff4111ddfe0, 0x00007ff4111deae8]
Event: 0.171 Thread 0x00007ff4200be800  353       3       java.util.LinkedHashMap$LinkedHashIterator::hasNext (13 bytes)
Event: 0.171 Thread 0x00007ff4200be800 nmethod 353 0x00007ff4111d32d0 code [0x00007ff4111d3440, 0x00007ff4111d35f0]

GC Heap History (0 events):
No events

Deoptimization events (0 events):
No events

Internal exceptions (10 events):
Event: 0.015 Thread 0x00007ff42000a000 Exception <a 'java/lang/NoSuchMethodError': Method sun.misc.Unsafe.defineClass(Ljava/lang/String;[BII)Ljava/lang/Class; name or signature does not match> (0x000000076cf87ca8) thrown at [/build/openjdk-8-pZyJp3/openjdk-8-8u131-b11/src/hotspot/src/share/vm/
Event: 0.015 Thread 0x00007ff42000a000 Exception <a 'java/lang/NoSuchMethodError': Method sun.misc.Unsafe.prefetchRead(Ljava/lang/Object;J)V name or signature does not match> (0x000000076cf87f90) thrown at [/build/openjdk-8-pZyJp3/openjdk-8-8u131-b11/src/hotspot/src/share/vm/prims/jni.cpp, lin
Event: 0.065 Thread 0x00007ff42000a000 Exception <a 'java/security/PrivilegedActionException'> (0x000000076d096558) thrown at [/build/openjdk-8-pZyJp3/openjdk-8-8u131-b11/src/hotspot/src/share/vm/prims/jvm.cpp, line 1390]
Event: 0.065 Thread 0x00007ff42000a000 Exception <a 'java/security/PrivilegedActionException'> (0x000000076d096768) thrown at [/build/openjdk-8-pZyJp3/openjdk-8-8u131-b11/src/hotspot/src/share/vm/prims/jvm.cpp, line 1390]
Event: 0.065 Thread 0x00007ff42000a000 Exception <a 'java/security/PrivilegedActionException'> (0x000000076d0987f0) thrown at [/build/openjdk-8-pZyJp3/openjdk-8-8u131-b11/src/hotspot/src/share/vm/prims/jvm.cpp, line 1390]
Event: 0.065 Thread 0x00007ff42000a000 Exception <a 'java/security/PrivilegedActionException'> (0x000000076d098a00) thrown at [/build/openjdk-8-pZyJp3/openjdk-8-8u131-b11/src/hotspot/src/share/vm/prims/jvm.cpp, line 1390]
Event: 0.065 Thread 0x00007ff42000a000 Exception <a 'java/security/PrivilegedActionException'> (0x000000076d0994d8) thrown at [/build/openjdk-8-pZyJp3/openjdk-8-8u131-b11/src/hotspot/src/share/vm/prims/jvm.cpp, line 1390]
Event: 0.065 Thread 0x00007ff42000a000 Exception <a 'java/security/PrivilegedActionException'> (0x000000076d0996e8) thrown at [/build/openjdk-8-pZyJp3/openjdk-8-8u131-b11/src/hotspot/src/share/vm/prims/jvm.cpp, line 1390]
Event: 0.120 Thread 0x00007ff42000a000 Exception <a 'java/lang/NoSuchFieldError': method resolution failed> (0x000000076d38eaa8) thrown at [/build/openjdk-8-pZyJp3/openjdk-8-8u131-b11/src/hotspot/src/share/vm/prims/methodHandles.cpp, line 1146]
Event: 0.121 Thread 0x00007ff42000a000 Exception <a 'java/lang/NoSuchFieldError': method resolution failed> (0x000000076d39c010) thrown at [/build/openjdk-8-pZyJp3/openjdk-8-8u131-b11/src/hotspot/src/share/vm/prims/methodHandles.cpp, line 1146]

Events (10 events):
Event: 0.168 loading class sun/reflect/UnsafeByteFieldAccessorImpl done
Event: 0.168 loading class com/sun/jna/Structure$ByReference
Event: 0.168 loading class com/sun/jna/Structure$ByReference done
Event: 0.168 loading class com/sun/jna/Structure$FFIType$size_t
Event: 0.168 loading class com/sun/jna/Structure$FFIType$size_t done
Event: 0.168 loading class sun/reflect/UnsafeObjectFieldAccessorImpl
Event: 0.168 loading class sun/reflect/UnsafeObjectFieldAccessorImpl done
Event: 0.169 loading class com/sun/jna/Structure$StructureSet
Event: 0.169 loading class com/sun/jna/Structure$StructureSet done
Event: 0.172 Thread 0x00007ff420283800 Thread added: 0x00007ff420283800


Dynamic libraries:
00400000-00401000 r-xp 00000000 103:06 1474704                           /usr/lib/jvm/java-8-openjdk-amd64/jre/bin/java
00600000-00601000 r--p 00000000 103:06 1474704                           /usr/lib/jvm/java-8-openjdk-amd64/jre/bin/java
00601000-00602000 rw-p 00001000 103:06 1474704                           /usr/lib/jvm/java-8-openjdk-amd64/jre/bin/java
0095e000-0097f000 rw-p 00000000 00:00 0                                  [heap]
6c6e00000-6d1500000 rw-p 00000000 00:00 0 
6d1500000-76cf80000 ---p 00000000 00:00 0 
76cf80000-772280000 rw-p 00000000 00:00 0 
772280000-7c0000000 ---p 00000000 00:00 0 
7c0000000-7c00c0000 rw-p 00000000 00:00 0 
7c00c0000-800000000 ---p 00000000 00:00 0 
7ff3ac000000-7ff3ac021000 rw-p 00000000 00:00 0 
7ff3ac021000-7ff3b0000000 ---p 00000000 00:00 0 
7ff3b4000000-7ff3b4021000 rw-p 00000000 00:00 0 
7ff3b4021000-7ff3b8000000 ---p 00000000 00:00 0 
7ff3b8000000-7ff3b8021000 rw-p 00000000 00:00 0 
7ff3b8021000-7ff3bc000000 ---p 00000000 00:00 0 
7ff3bc000000-7ff3bc226000 rw-p 00000000 00:00 0 
7ff3bc226000-7ff3c0000000 ---p 00000000 00:00 0 
7ff3c0000000-7ff3c0021000 rw-p 00000000 00:00 0 
7ff3c0021000-7ff3c4000000 ---p 00000000 00:00 0 
7ff3c4000000-7ff3c413c000 rw-p 00000000 00:00 0 
7ff3c413c000-7ff3c8000000 ---p 00000000 00:00 0 
7ff3cacb6000-7ff3cacb9000 ---p 00000000 00:00 0 
7ff3cacb9000-7ff3cadb7000 rw-p 00000000 00:00 0 
7ff3cadb7000-7ff3cadb8000 ---p 00000000 00:00 0 
7ff3cadb8000-7ff3cb5b8000 rw-p 00000000 00:00 0 
7ff3cb5b8000-7ff3cb5cf000 r-xp 00000000 103:06 1708887                   /lib/x86_64-linux-gnu/libusb-1.0.so.0.1.0
7ff3cb5cf000-7ff3cb7ce000 ---p 00017000 103:06 1708887                   /lib/x86_64-linux-gnu/libusb-1.0.so.0.1.0
7ff3cb7ce000-7ff3cb7cf000 r--p 00016000 103:06 1708887                   /lib/x86_64-linux-gnu/libusb-1.0.so.0.1.0
7ff3cb7cf000-7ff3cb7d0000 rw-p 00017000 103:06 1708887                   /lib/x86_64-linux-gnu/libusb-1.0.so.0.1.0
7ff3cb7d0000-7ff3cb7e2000 r-xp 00000000 103:06 1446479                   /usr/local/lib/libfreenect.so.0.6.0
7ff3cb7e2000-7ff3cb9e1000 ---p 00012000 103:06 1446479                   /usr/local/lib/libfreenect.so.0.6.0
7ff3cb9e1000-7ff3cb9e2000 r--p 00011000 103:06 1446479                   /usr/local/lib/libfreenect.so.0.6.0
7ff3cb9e2000-7ff3cb9e3000 rw-p 00012000 103:06 1446479                   /usr/local/lib/libfreenect.so.0.6.0
7ff3cb9e3000-7ff3cb9fb000 r-xp 00000000 103:06 393270                    /tmp/jna-3506402/jna1456059091400492310.tmp (deleted)
7ff3cb9fb000-7ff3cbbfb000 ---p 00018000 103:06 393270                    /tmp/jna-3506402/jna1456059091400492310.tmp (deleted)
7ff3cbbfb000-7ff3cbbfc000 rw-p 00018000 103:06 393270                    /tmp/jna-3506402/jna1456059091400492310.tmp (deleted)
7ff3cbbfc000-7ff3cbbfd000 ---p 00000000 00:00 0 
7ff3cbbfd000-7ff3cbcfd000 rw-p 00000000 00:00 0 
7ff3cbcfd000-7ff3cbd00000 ---p 00000000 00:00 0 
7ff3cbd00000-7ff3cbdfe000 rw-p 00000000 00:00 0 
7ff3cbdfe000-7ff3cbe01000 ---p 00000000 00:00 0 
7ff3cbe01000-7ff3cbeff000 rw-p 00000000 00:00 0 
7ff3cbeff000-7ff3cbf02000 ---p 00000000 00:00 0 
7ff3cbf02000-7ff3cc000000 rw-p 00000000 00:00 0 
7ff3cc000000-7ff3cc09a000 rw-p 00000000 00:00 0 
7ff3cc09a000-7ff3d0000000 ---p 00000000 00:00 0 
7ff3d0000000-7ff3d0059000 rw-p 00000000 00:00 0 
7ff3d0059000-7ff3d4000000 ---p 00000000 00:00 0 
7ff3d4000000-7ff3d4021000 rw-p 00000000 00:00 0 
7ff3d4021000-7ff3d8000000 ---p 00000000 00:00 0 
7ff3d8000000-7ff3d8021000 rw-p 00000000 00:00 0 
7ff3d8021000-7ff3dc000000 ---p 00000000 00:00 0 
7ff3dc000000-7ff3dc021000 rw-p 00000000 00:00 0 
7ff3dc021000-7ff3e0000000 ---p 00000000 00:00 0 
7ff3e006d000-7ff3e0070000 ---p 00000000 00:00 0 
7ff3e0070000-7ff3e016e000 rw-p 00000000 00:00 0 
7ff3e016e000-7ff3e0171000 ---p 00000000 00:00 0 
7ff3e0171000-7ff3e026f000 rw-p 00000000 00:00 0 
7ff3e026f000-7ff3e0272000 ---p 00000000 00:00 0 
7ff3e0272000-7ff3e8000000 rw-p 00000000 00:00 0 
7ff3e8000000-7ff3e8021000 rw-p 00000000 00:00 0 
7ff3e8021000-7ff3ec000000 ---p 00000000 00:00 0 
7ff3ec000000-7ff3ec021000 rw-p 00000000 00:00 0 
7ff3ec021000-7ff3f0000000 ---p 00000000 00:00 0 
7ff3f0000000-7ff3f0021000 rw-p 00000000 00:00 0 
7ff3f0021000-7ff3f4000000 ---p 00000000 00:00 0 
7ff3f4000000-7ff3f4021000 rw-p 00000000 00:00 0 
7ff3f4021000-7ff3f8000000 ---p 00000000 00:00 0 
7ff3f8000000-7ff3f8021000 rw-p 00000000 00:00 0 
7ff3f8021000-7ff3fc000000 ---p 00000000 00:00 0 
7ff3fc000000-7ff3fc021000 rw-p 00000000 00:00 0 
7ff3fc021000-7ff400000000 ---p 00000000 00:00 0 
7ff40000c000-7ff40002a000 r-xp 00000000 103:06 1730415                   /lib/x86_64-linux-gnu/libudev.so.1.6.4
7ff40002a000-7ff40002b000 r--p 0001d000 103:06 1730415                   /lib/x86_64-linux-gnu/libudev.so.1.6.4
7ff40002b000-7ff40002c000 rw-p 0001e000 103:06 1730415                   /lib/x86_64-linux-gnu/libudev.so.1.6.4
7ff400085000-7ff400088000 ---p 00000000 00:00 0 
7ff400088000-7ff4000be000 rw-p 00000000 00:00 0 
7ff4000be000-7ff4000d9000 r--s 00394000 103:06 1474613                   /usr/lib/jvm/java-8-openjdk-amd64/jre/lib/ext/cldrdata.jar
7ff4000d9000-7ff4000f4000 r--s 001d6000 103:06 1474614                   /usr/lib/jvm/java-8-openjdk-amd64/jre/lib/ext/nashorn.jar
7ff4000f4000-7ff401bdd000 r--p 00000000 103:06 1447162                   /usr/lib/locale/locale-archive
7ff401bdd000-7ff401be0000 ---p 00000000 00:00 0 
7ff401be0000-7ff401cde000 rw-p 00000000 00:00 0 
7ff401cde000-7ff401ce1000 ---p 00000000 00:00 0 
7ff401ce1000-7ff401ddf000 rw-p 00000000 00:00 0 
7ff401ddf000-7ff401de0000 ---p 00000000 00:00 0 
7ff401de0000-7ff403c80000 rw-p 00000000 00:00 0 
7ff403c80000-7ff404000000 ---p 00000000 00:00 0 
7ff404000000-7ff404021000 rw-p 00000000 00:00 0 
7ff404021000-7ff408000000 ---p 00000000 00:00 0 
7ff408000000-7ff408021000 rw-p 00000000 00:00 0 
7ff408021000-7ff40c000000 ---p 00000000 00:00 0 
7ff40c000000-7ff40c021000 rw-p 00000000 00:00 0 
7ff40c021000-7ff410000000 ---p 00000000 00:00 0 
7ff41000e000-7ff410015000 r--s 00000000 103:06 1575085                   /usr/lib/x86_64-linux-gnu/gconv/gconv-modules.cache
7ff410015000-7ff410366000 rw-p 00000000 00:00 0 
7ff410366000-7ff410534000 r--s 03c13000 103:06 1474611                   /usr/lib/jvm/java-8-openjdk-amd64/jre/lib/rt.jar
7ff410534000-7ff410cfd000 rw-p 00000000 00:00 0 
7ff410cfd000-7ff410cfe000 ---p 00000000 00:00 0 
7ff410cfe000-7ff410dfe000 rw-p 00000000 00:00 0 
7ff410dfe000-7ff410dff000 ---p 00000000 00:00 0 
7ff410dff000-7ff410eff000 rw-p 00000000 00:00 0 
7ff410eff000-7ff410f00000 ---p 00000000 00:00 0 
7ff410f00000-7ff411000000 rw-p 00000000 00:00 0 
7ff411000000-7ff411270000 rwxp 00000000 00:00 0 
7ff411270000-7ff420000000 ---p 00000000 00:00 0 
7ff420000000-7ff420289000 rw-p 00000000 00:00 0 
7ff420289000-7ff424000000 ---p 00000000 00:00 0 
7ff424003000-7ff424004000 r--p 00000000 00:00 0 
7ff424004000-7ff424005000 rwxp 00000000 00:00 0 
7ff424005000-7ff42400a000 r--s 0009a000 103:06 1474623                   /usr/lib/jvm/java-8-openjdk-amd64/jre/lib/jsse.jar
7ff42400a000-7ff42400e000 r--s 0015c000 103:06 393238                    /home/mike/Dev/Git/KinectIRTracker/KinectIRTracker/lib/jna-4.5.1.jar
7ff42400e000-7ff424010000 r--s 00005000 103:06 2532326                   /home/mike/Dev/Git/KinectIRTracker/KinectIRTracker/lib/freenect-1.0.jar
7ff424010000-7ff4240a7000 rw-p 00000000 00:00 0 
7ff4240a7000-7ff4240a8000 ---p 00000000 00:00 0 
7ff4240a8000-7ff4241a8000 rw-p 00000000 00:00 0 
7ff4241a8000-7ff4241a9000 ---p 00000000 00:00 0 
7ff4241a9000-7ff4242a9000 rw-p 00000000 00:00 0 
7ff4242a9000-7ff4242aa000 ---p 00000000 00:00 0 
7ff4242aa000-7ff4243aa000 rw-p 00000000 00:00 0 
7ff4243aa000-7ff4243ab000 ---p 00000000 00:00 0 
7ff4243ab000-7ff4244ab000 rw-p 00000000 00:00 0 
7ff4244ab000-7ff4244ac000 ---p 00000000 00:00 0 
7ff4244ac000-7ff424600000 rw-p 00000000 00:00 0 
7ff424600000-7ff424add000 ---p 00000000 00:00 0 
7ff424add000-7ff424b31000 rw-p 00000000 00:00 0 
7ff424b31000-7ff42500d000 ---p 00000000 00:00 0 
7ff42500d000-7ff425038000 rw-p 00000000 00:00 0 
7ff425038000-7ff4252a6000 ---p 00000000 00:00 0 
7ff4252a6000-7ff4252b1000 rw-p 00000000 00:00 0 
7ff4252b1000-7ff425667000 ---p 00000000 00:00 0 
7ff425667000-7ff42566f000 r-xp 00000000 103:06 1474638                   /usr/lib/jvm/java-8-openjdk-amd64/jre/lib/amd64/libzip.so
7ff42566f000-7ff42586e000 ---p 00008000 103:06 1474638                   /usr/lib/jvm/java-8-openjdk-amd64/jre/lib/amd64/libzip.so
7ff42586e000-7ff42586f000 r--p 00007000 103:06 1474638                   /usr/lib/jvm/java-8-openjdk-amd64/jre/lib/amd64/libzip.so
7ff42586f000-7ff425870000 rw-p 00008000 103:06 1474638                   /usr/lib/jvm/java-8-openjdk-amd64/jre/lib/amd64/libzip.so
7ff425870000-7ff42587b000 r-xp 00000000 103:06 1708806                   /lib/x86_64-linux-gnu/libnss_files-2.23.so
7ff42587b000-7ff425a7a000 ---p 0000b000 103:06 1708806                   /lib/x86_64-linux-gnu/libnss_files-2.23.so
7ff425a7a000-7ff425a7b000 r--p 0000a000 103:06 1708806                   /lib/x86_64-linux-gnu/libnss_files-2.23.so
7ff425a7b000-7ff425a7c000 rw-p 0000b000 103:06 1708806                   /lib/x86_64-linux-gnu/libnss_files-2.23.so
7ff425a7c000-7ff425a82000 rw-p 00000000 00:00 0 
7ff425a82000-7ff425a8d000 r-xp 00000000 103:06 1708816                   /lib/x86_64-linux-gnu/libnss_nis-2.23.so
7ff425a8d000-7ff425c8c000 ---p 0000b000 103:06 1708816                   /lib/x86_64-linux-gnu/libnss_nis-2.23.so
7ff425c8c000-7ff425c8d000 r--p 0000a000 103:06 1708816                   /lib/x86_64-linux-gnu/libnss_nis-2.23.so
7ff425c8d000-7ff425c8e000 rw-p 0000b000 103:06 1708816                   /lib/x86_64-linux-gnu/libnss_nis-2.23.so
7ff425c8e000-7ff425ca4000 r-xp 00000000 103:06 1708800                   /lib/x86_64-linux-gnu/libnsl-2.23.so
7ff425ca4000-7ff425ea3000 ---p 00016000 103:06 1708800                   /lib/x86_64-linux-gnu/libnsl-2.23.so
7ff425ea3000-7ff425ea4000 r--p 00015000 103:06 1708800                   /lib/x86_64-linux-gnu/libnsl-2.23.so
7ff425ea4000-7ff425ea5000 rw-p 00016000 103:06 1708800                   /lib/x86_64-linux-gnu/libnsl-2.23.so
7ff425ea5000-7ff425ea7000 rw-p 00000000 00:00 0 
7ff425ea7000-7ff425eaf000 r-xp 00000000 103:06 1708802                   /lib/x86_64-linux-gnu/libnss_compat-2.23.so
7ff425eaf000-7ff4260ae000 ---p 00008000 103:06 1708802                   /lib/x86_64-linux-gnu/libnss_compat-2.23.so
7ff4260ae000-7ff4260af000 r--p 00007000 103:06 1708802                   /lib/x86_64-linux-gnu/libnss_compat-2.23.so
7ff4260af000-7ff4260b0000 rw-p 00008000 103:06 1708802                   /lib/x86_64-linux-gnu/libnss_compat-2.23.so
7ff4260b0000-7ff4260dd000 r-xp 00000000 103:06 1474653                   /usr/lib/jvm/java-8-openjdk-amd64/jre/lib/amd64/libjava.so
7ff4260dd000-7ff4262dc000 ---p 0002d000 103:06 1474653                   /usr/lib/jvm/java-8-openjdk-amd64/jre/lib/amd64/libjava.so
7ff4262dc000-7ff4262dd000 r--p 0002c000 103:06 1474653                   /usr/lib/jvm/java-8-openjdk-amd64/jre/lib/amd64/libjava.so
7ff4262dd000-7ff4262df000 rw-p 0002d000 103:06 1474653                   /usr/lib/jvm/java-8-openjdk-amd64/jre/lib/amd64/libjava.so
7ff4262df000-7ff4262ee000 r-xp 00000000 103:06 1474631                   /usr/lib/jvm/java-8-openjdk-amd64/jre/lib/amd64/libverify.so
7ff4262ee000-7ff4264ed000 ---p 0000f000 103:06 1474631                   /usr/lib/jvm/java-8-openjdk-amd64/jre/lib/amd64/libverify.so
7ff4264ed000-7ff4264ef000 r--p 0000e000 103:06 1474631                   /usr/lib/jvm/java-8-openjdk-amd64/jre/lib/amd64/libverify.so
7ff4264ef000-7ff4264f0000 rw-p 00010000 103:06 1474631                   /usr/lib/jvm/java-8-openjdk-amd64/jre/lib/amd64/libverify.so
7ff4264f0000-7ff4264f7000 r-xp 00000000 103:06 1708861                   /lib/x86_64-linux-gnu/librt-2.23.so
7ff4264f7000-7ff4266f6000 ---p 00007000 103:06 1708861                   /lib/x86_64-linux-gnu/librt-2.23.so
7ff4266f6000-7ff4266f7000 r--p 00006000 103:06 1708861                   /lib/x86_64-linux-gnu/librt-2.23.so
7ff4266f7000-7ff4266f8000 rw-p 00007000 103:06 1708861                   /lib/x86_64-linux-gnu/librt-2.23.so
7ff4266f8000-7ff42670e000 r-xp 00000000 103:06 1708745                   /lib/x86_64-linux-gnu/libgcc_s.so.1
7ff42670e000-7ff42690d000 ---p 00016000 103:06 1708745                   /lib/x86_64-linux-gnu/libgcc_s.so.1
7ff42690d000-7ff42690e000 rw-p 00015000 103:06 1708745                   /lib/x86_64-linux-gnu/libgcc_s.so.1
7ff42690e000-7ff426a16000 r-xp 00000000 103:06 1708777                   /lib/x86_64-linux-gnu/libm-2.23.so
7ff426a16000-7ff426c15000 ---p 00108000 103:06 1708777                   /lib/x86_64-linux-gnu/libm-2.23.so
7ff426c15000-7ff426c16000 r--p 00107000 103:06 1708777                   /lib/x86_64-linux-gnu/libm-2.23.so
7ff426c16000-7ff426c17000 rw-p 00108000 103:06 1708777                   /lib/x86_64-linux-gnu/libm-2.23.so
7ff426c17000-7ff426d89000 r-xp 00000000 103:06 1449776                   /usr/lib/x86_64-linux-gnu/libstdc++.so.6.0.21
7ff426d89000-7ff426f89000 ---p 00172000 103:06 1449776                   /usr/lib/x86_64-linux-gnu/libstdc++.so.6.0.21
7ff426f89000-7ff426f93000 r--p 00172000 103:06 1449776                   /usr/lib/x86_64-linux-gnu/libstdc++.so.6.0.21
7ff426f93000-7ff426f95000 rw-p 0017c000 103:06 1449776                   /usr/lib/x86_64-linux-gnu/libstdc++.so.6.0.21
7ff426f95000-7ff426f99000 rw-p 00000000 00:00 0 
7ff426f99000-7ff427bed000 r-xp 00000000 103:06 1474637                   /usr/lib/jvm/java-8-openjdk-amd64/jre/lib/amd64/server/libjvm.so
7ff427bed000-7ff427ded000 ---p 00c54000 103:06 1474637                   /usr/lib/jvm/java-8-openjdk-amd64/jre/lib/amd64/server/libjvm.so
7ff427ded000-7ff427e80000 r--p 00c54000 103:06 1474637                   /usr/lib/jvm/java-8-openjdk-amd64/jre/lib/amd64/server/libjvm.so
7ff427e80000-7ff427ea9000 rw-p 00ce7000 103:06 1474637                   /usr/lib/jvm/java-8-openjdk-amd64/jre/lib/amd64/server/libjvm.so
7ff427ea9000-7ff427ed9000 rw-p 00000000 00:00 0 
7ff427ed9000-7ff427ef1000 r-xp 00000000 103:06 1708853                   /lib/x86_64-linux-gnu/libpthread-2.23.so
7ff427ef1000-7ff4280f0000 ---p 00018000 103:06 1708853                   /lib/x86_64-linux-gnu/libpthread-2.23.so
7ff4280f0000-7ff4280f1000 r--p 00017000 103:06 1708853                   /lib/x86_64-linux-gnu/libpthread-2.23.so
7ff4280f1000-7ff4280f2000 rw-p 00018000 103:06 1708853                   /lib/x86_64-linux-gnu/libpthread-2.23.so
7ff4280f2000-7ff4280f6000 rw-p 00000000 00:00 0 
7ff4280f6000-7ff4280f9000 r-xp 00000000 103:06 1708731                   /lib/x86_64-linux-gnu/libdl-2.23.so
7ff4280f9000-7ff4282f8000 ---p 00003000 103:06 1708731                   /lib/x86_64-linux-gnu/libdl-2.23.so
7ff4282f8000-7ff4282f9000 r--p 00002000 103:06 1708731                   /lib/x86_64-linux-gnu/libdl-2.23.so
7ff4282f9000-7ff4282fa000 rw-p 00003000 103:06 1708731                   /lib/x86_64-linux-gnu/libdl-2.23.so
7ff4282fa000-7ff428313000 r-xp 00000000 103:06 1708897                   /lib/x86_64-linux-gnu/libz.so.1.2.8
7ff428313000-7ff428512000 ---p 00019000 103:06 1708897                   /lib/x86_64-linux-gnu/libz.so.1.2.8
7ff428512000-7ff428513000 r--p 00018000 103:06 1708897                   /lib/x86_64-linux-gnu/libz.so.1.2.8
7ff428513000-7ff428514000 rw-p 00019000 103:06 1708897                   /lib/x86_64-linux-gnu/libz.so.1.2.8
7ff428514000-7ff4286d4000 r-xp 00000000 103:06 1708707                   /lib/x86_64-linux-gnu/libc-2.23.so
7ff4286d4000-7ff4288d4000 ---p 001c0000 103:06 1708707                   /lib/x86_64-linux-gnu/libc-2.23.so
7ff4288d4000-7ff4288d8000 r--p 001c0000 103:06 1708707                   /lib/x86_64-linux-gnu/libc-2.23.so
7ff4288d8000-7ff4288da000 rw-p 001c4000 103:06 1708707                   /lib/x86_64-linux-gnu/libc-2.23.so
7ff4288da000-7ff4288de000 rw-p 00000000 00:00 0 
7ff4288de000-7ff4288eb000 r-xp 00000000 103:06 1474629                   /usr/lib/jvm/java-8-openjdk-amd64/jre/lib/amd64/jli/libjli.so
7ff4288eb000-7ff428aeb000 ---p 0000d000 103:06 1474629                   /usr/lib/jvm/java-8-openjdk-amd64/jre/lib/amd64/jli/libjli.so
7ff428aeb000-7ff428aec000 r--p 0000d000 103:06 1474629                   /usr/lib/jvm/java-8-openjdk-amd64/jre/lib/amd64/jli/libjli.so
7ff428aec000-7ff428aed000 rw-p 0000e000 103:06 1474629                   /usr/lib/jvm/java-8-openjdk-amd64/jre/lib/amd64/jli/libjli.so
7ff428aed000-7ff428b13000 r-xp 00000000 103:06 1708679                   /lib/x86_64-linux-gnu/ld-2.23.so
7ff428b13000-7ff428b17000 r--s 00037000 103:06 1474616                   /usr/lib/jvm/java-8-openjdk-amd64/jre/lib/ext/sunpkcs11.jar
7ff428b17000-7ff428b1a000 r--s 0000f000 103:06 1474620                   /usr/lib/jvm/java-8-openjdk-amd64/jre/lib/ext/icedtea-sound.jar
7ff428b1a000-7ff428b1c000 r--s 00001000 103:06 1474617                   /usr/lib/jvm/java-8-openjdk-amd64/jre/lib/ext/dnsns.jar
7ff428b1c000-7ff428b1d000 r--s 00010000 103:06 1474622                   /usr/lib/jvm/java-8-openjdk-amd64/jre/lib/ext/zipfs.jar
7ff428b1d000-7ff428b22000 r--s 0003b000 103:06 1474619                   /usr/lib/jvm/java-8-openjdk-amd64/jre/lib/ext/sunjce_provider.jar
7ff428b22000-7ff428b2c000 r--s 00116000 103:06 1474615                   /usr/lib/jvm/java-8-openjdk-amd64/jre/lib/ext/localedata.jar
7ff428b2c000-7ff428b2e000 r--s 00008000 103:06 1474621                   /usr/lib/jvm/java-8-openjdk-amd64/jre/lib/ext/sunec.jar
7ff428b2e000-7ff428bd7000 rw-p 00000000 00:00 0 
7ff428bd7000-7ff428bda000 ---p 00000000 00:00 0 
7ff428bda000-7ff428cdd000 rw-p 00000000 00:00 0 
7ff428cdd000-7ff428cde000 r--s 0000a000 103:06 1474618                   /usr/lib/jvm/java-8-openjdk-amd64/jre/lib/ext/jaccess.jar
7ff428cde000-7ff428d06000 rw-p 00000000 00:00 0 
7ff428d06000-7ff428d0e000 rw-s 00000000 103:06 393269                    /tmp/hsperfdata_root/12897
7ff428d0e000-7ff428d0f000 rw-p 00000000 00:00 0 
7ff428d0f000-7ff428d10000 r--p 00000000 00:00 0 
7ff428d10000-7ff428d12000 rw-p 00000000 00:00 0 
7ff428d12000-7ff428d13000 r--p 00025000 103:06 1708679                   /lib/x86_64-linux-gnu/ld-2.23.so
7ff428d13000-7ff428d14000 rw-p 00026000 103:06 1708679                   /lib/x86_64-linux-gnu/ld-2.23.so
7ff428d14000-7ff428d15000 rw-p 00000000 00:00 0 
7ffdfa15e000-7ffdfa17f000 rw-p 00000000 00:00 0                          [stack]
7ffdfa1bf000-7ffdfa1c1000 r--p 00000000 00:00 0                          [vvar]
7ffdfa1c1000-7ffdfa1c3000 r-xp 00000000 00:00 0                          [vdso]
ffffffffff600000-ffffffffff601000 r-xp 00000000 00:00 0                  [vsyscall]

VM Arguments:
jvm_args: -Dfile.encoding=UTF-8 
java_command: main.java.org.kinectirtracker.KinectIRTracker
java_class_path (initial): /home/mike/Dev/Git/KinectIRTracker/KinectIRTracker/bin:/home/mike/Dev/Git/KinectIRTracker/KinectIRTracker/lib/freenect-1.0.jar:/home/mike/Dev/Git/KinectIRTracker/KinectIRTracker/lib/jna-4.5.1.jar
Launcher Type: SUN_STANDARD

Environment Variables:
PATH=/usr/local/sbin:/usr/local/bin:/usr/sbin:/usr/bin:/sbin:/bin:/snap/bin
USERNAME=root
SHELL=/bin/bash
DISPLAY=:0

Signal Handlers:
SIGSEGV: [libjvm.so+0xa6ad10], sa_mask[0]=11111111011111111101111111111110, sa_flags=SA_RESTART|SA_SIGINFO
SIGBUS: [libjvm.so+0xa6ad10], sa_mask[0]=11111111011111111101111111111110, sa_flags=SA_RESTART|SA_SIGINFO
SIGFPE: [libjvm.so+0x8b3bc0], sa_mask[0]=11111111011111111101111111111110, sa_flags=SA_RESTART|SA_SIGINFO
SIGPIPE: [libjvm.so+0x8b3bc0], sa_mask[0]=11111111011111111101111111111110, sa_flags=SA_RESTART|SA_SIGINFO
SIGXFSZ: [libjvm.so+0x8b3bc0], sa_mask[0]=11111111011111111101111111111110, sa_flags=SA_RESTART|SA_SIGINFO
SIGILL: [libjvm.so+0x8b3bc0], sa_mask[0]=11111111011111111101111111111110, sa_flags=SA_RESTART|SA_SIGINFO
SIGUSR1: SIG_DFL, sa_mask[0]=00000000000000000000000000000000, sa_flags=none
SIGUSR2: [libjvm.so+0x8b3a70], sa_mask[0]=00100000000000000000000000000000, sa_flags=SA_RESTART|SA_SIGINFO
SIGHUP: [libjvm.so+0x8b3f40], sa_mask[0]=11111111011111111101111111111110, sa_flags=SA_RESTART|SA_SIGINFO
SIGINT: [libjvm.so+0x8b3f40], sa_mask[0]=11111111011111111101111111111110, sa_flags=SA_RESTART|SA_SIGINFO
SIGTERM: [libjvm.so+0x8b3f40], sa_mask[0]=11111111011111111101111111111110, sa_flags=SA_RESTART|SA_SIGINFO
SIGQUIT: [libjvm.so+0x8b3f40], sa_mask[0]=11111111011111111101111111111110, sa_flags=SA_RESTART|SA_SIGINFO


---------------  S Y S T E M  ---------------

OS:DISTRIB_ID="elementary"
DISTRIB_RELEASE=0.4.1
DISTRIB_CODENAME=loki
DISTRIB_DESCRIPTION="elementary OS 0.4.1 Loki"

uname:Linux 4.10.0-38-generic #42~16.04.1-Ubuntu SMP Tue Oct 10 16:32:20 UTC 2017 x86_64
libc:glibc 2.23 NPTL 2.23 
rlimit: STACK 8192k, CORE 0k, NPROC 63282, NOFILE 1048576, AS infinity
load average:0.94 0.95 0.81

/proc/meminfo:
MemTotal:       16319952 kB
MemFree:         6466808 kB
MemAvailable:   11294092 kB
Buffers:          321800 kB
Cached:          4920256 kB
SwapCached:            0 kB
Active:          6620660 kB
Inactive:        2647560 kB
Active(anon):    3933844 kB
Inactive(anon):   481600 kB
Active(file):    2686816 kB
Inactive(file):  2165960 kB
Unevictable:          48 kB
Mlocked:              48 kB
SwapTotal:      16667644 kB
SwapFree:       16667644 kB
Dirty:               404 kB
Writeback:             0 kB
AnonPages:       3329112 kB
Mapped:           755492 kB
Shmem:            389284 kB
Slab:             378172 kB
SReclaimable:     320880 kB
SUnreclaim:        57292 kB
KernelStack:       10724 kB
PageTables:        40948 kB
NFS_Unstable:          0 kB
Bounce:                0 kB
WritebackTmp:          0 kB
CommitLimit:    24827620 kB
Committed_AS:    8731296 kB
VmallocTotal:   34359738367 kB
VmallocUsed:           0 kB
VmallocChunk:          0 kB
HardwareCorrupted:     0 kB
AnonHugePages:   1654784 kB
ShmemHugePages:        0 kB
ShmemPmdMapped:        0 kB
CmaTotal:              0 kB
CmaFree:               0 kB
HugePages_Total:       0
HugePages_Free:        0
HugePages_Rsvd:        0
HugePages_Surp:        0
Hugepagesize:       2048 kB
DirectMap4k:      625920 kB
DirectMap2M:    13944832 kB
DirectMap1G:     2097152 kB


CPU:total 8 (initial active 8) (4 cores per cpu, 2 threads per core) family 6 model 94 stepping 3, cmov, cx8, fxsr, mmx, sse, sse2, sse3, ssse3, sse4.1, sse4.2, popcnt, avx, avx2, aes, clmul, erms, rtm, 3dnowpref, lzcnt, ht, tsc, tscinvbit, bmi1, bmi2, adx

/proc/cpuinfo:
processor	: 0
vendor_id	: GenuineIntel
cpu family	: 6
model		: 94
model name	: Intel(R) Core(TM) i7-6700HQ CPU @ 2.60GHz
stepping	: 3
microcode	: 0x84
cpu MHz		: 3111.145
cache size	: 6144 KB
physical id	: 0
siblings	: 8
core id		: 0
cpu cores	: 4
apicid		: 0
initial apicid	: 0
fpu		: yes
fpu_exception	: yes
cpuid level	: 22
wp		: yes
flags		: fpu vme de pse tsc msr pae mce cx8 apic sep mtrr pge mca cmov pat pse36 clflush dts acpi mmx fxsr sse sse2 ss ht tm pbe syscall nx pdpe1gb rdtscp lm constant_tsc art arch_perfmon pebs bts rep_good nopl xtopology nonstop_tsc aperfmperf tsc_known_freq pni pclmulqdq dtes64 monitor ds_cpl vmx est tm2 ssse3 sdbg fma cx16 xtpr pdcm pcid sse4_1 sse4_2 x2apic movbe popcnt tsc_deadline_timer aes xsave avx f16c rdrand lahf_lm abm 3dnowprefetch epb intel_pt tpr_shadow vnmi flexpriority ept vpid fsgsbase tsc_adjust bmi1 hle avx2 smep bmi2 erms invpcid rtm mpx rdseed adx smap clflushopt xsaveopt xsavec xgetbv1 xsaves dtherm ida arat pln pts hwp hwp_notify hwp_act_window hwp_epp
bugs		:
bogomips	: 5184.00
clflush size	: 64
cache_alignment	: 64
address sizes	: 39 bits physical, 48 bits virtual
power management:

processor	: 1
vendor_id	: GenuineIntel
cpu family	: 6
model		: 94
model name	: Intel(R) Core(TM) i7-6700HQ CPU @ 2.60GHz
stepping	: 3
microcode	: 0x84
cpu MHz		: 3157.165
cache size	: 6144 KB
physical id	: 0
siblings	: 8
core id		: 1
cpu cores	: 4
apicid		: 2
initial apicid	: 2
fpu		: yes
fpu_exception	: yes
cpuid level	: 22
wp		: yes
flags		: fpu vme de pse tsc msr pae mce cx8 apic sep mtrr pge mca cmov pat pse36 clflush dts acpi mmx fxsr sse sse2 ss ht tm pbe syscall nx pdpe1gb rdtscp lm constant_tsc art arch_perfmon pebs bts rep_good nopl xtopology nonstop_tsc aperfmperf tsc_known_freq pni pclmulqdq dtes64 monitor ds_cpl vmx est tm2 ssse3 sdbg fma cx16 xtpr pdcm pcid sse4_1 sse4_2 x2apic movbe popcnt tsc_deadline_timer aes xsave avx f16c rdrand lahf_lm abm 3dnowprefetch epb intel_pt tpr_shadow vnmi flexpriority ept vpid fsgsbase tsc_adjust bmi1 hle avx2 smep bmi2 erms invpcid rtm mpx rdseed adx smap clflushopt xsaveopt xsavec xgetbv1 xsaves dtherm ida arat pln pts hwp hwp_notify hwp_act_window hwp_epp
bugs		:
bogomips	: 5184.00
clflush size	: 64
cache_alignment	: 64
address sizes	: 39 bits physical, 48 bits virtual
power management:

processor	: 2
vendor_id	: GenuineIntel
cpu family	: 6
model		: 94
model name	: Intel(R) Core(TM) i7-6700HQ CPU @ 2.60GHz
stepping	: 3
microcode	: 0x84
cpu MHz		: 3228.894
cache size	: 6144 KB
physical id	: 0
siblings	: 8
core id		: 2
cpu cores	: 4
apicid		: 4
initial apicid	: 4
fpu		: yes
fpu_exception	: yes
cpuid level	: 22
wp		: yes
flags		: fpu vme de pse tsc msr pae mce cx8 apic sep mtrr pge mca cmov pat pse36 clflush dts acpi mmx fxsr sse sse2 ss ht tm pbe syscall nx pdpe1gb rdtscp lm constant_tsc art arch_perfmon pebs bts rep_good nopl xtopology nonstop_tsc aperfmperf tsc_known_freq pni pclmulqdq dtes64 monitor ds_cpl vmx est tm2 ssse3 sdbg fma cx16 xtpr pdcm pcid sse4_1 sse4_2 x2apic movbe popcnt tsc_deadline_timer aes xsave avx f16c rdrand lahf_lm abm 3dnowprefetch epb intel_pt tpr_shadow vnmi flexpriority ept vpid fsgsbase tsc_adjust bmi1 hle avx2 smep bmi2 erms invpcid rtm mpx rdseed adx smap clflushopt xsaveopt xsavec xgetbv1 xsaves dtherm ida arat pln pts hwp hwp_notify hwp_act_window hwp_epp
bugs		:
bogomips	: 5184.00
clflush size	: 64
cache_alignment	: 64
address sizes	: 39 bits physical, 48 bits virtual
power management:

processor	: 3
vendor_id	: GenuineIntel
cpu family	: 6
model		: 94
model name	: Intel(R) Core(TM) i7-6700HQ CPU @ 2.60GHz
stepping	: 3
microcode	: 0x84
cpu MHz		: 3133.361
cache size	: 6144 KB
physical id	: 0
siblings	: 8
core id		: 3
cpu cores	: 4
apicid		: 6
initial apicid	: 6
fpu		: yes
fpu_exception	: yes
cpuid level	: 22
wp		: yes
flags		: fpu vme de pse tsc msr pae mce cx8 apic sep mtrr pge mca cmov pat pse36 clflush dts acpi mmx fxsr sse sse2 ss ht tm pbe syscall nx pdpe1gb rdtscp lm constant_tsc art arch_perfmon pebs bts rep_good nopl xtopology nonstop_tsc aperfmperf tsc_known_freq pni pclmulqdq dtes64 monitor ds_cpl vmx est tm2 ssse3 sdbg fma cx16 xtpr pdcm pcid sse4_1 sse4_2 x2apic movbe popcnt tsc_deadline_timer aes xsave avx f16c rdrand lahf_lm abm 3dnowprefetch epb intel_pt tpr_shadow vnmi flexpriority ept vpid fsgsbase tsc_adjust bmi1 hle avx2 smep bmi2 erms invpcid rtm mpx rdseed adx smap clflushopt xsaveopt xsavec xgetbv1 xsaves dtherm ida arat pln pts hwp hwp_notify hwp_act_window hwp_epp
bugs		:
bogomips	: 5184.00
clflush size	: 64
cache_alignment	: 64
address sizes	: 39 bits physical, 48 bits virtual
power management:

processor	: 4
vendor_id	: GenuineIntel
cpu family	: 6
model		: 94
model name	: Intel(R) Core(TM) i7-6700HQ CPU @ 2.60GHz
stepping	: 3
microcode	: 0x84
cpu MHz		: 3120.983
cache size	: 6144 KB
physical id	: 0
siblings	: 8
core id		: 0
cpu cores	: 4
apicid		: 1
initial apicid	: 1
fpu		: yes
fpu_exception	: yes
cpuid level	: 22
wp		: yes
flags		: fpu vme de pse tsc msr pae mce cx8 apic sep mtrr pge mca cmov pat pse36 clflush dts acpi mmx fxsr sse sse2 ss ht tm pbe syscall nx pdpe1gb rdtscp lm constant_tsc art arch_perfmon pebs bts rep_good nopl xtopology nonstop_tsc aperfmperf tsc_known_freq pni pclmulqdq dtes64 monitor ds_cpl vmx est tm2 ssse3 sdbg fma cx16 xtpr pdcm pcid sse4_1 sse4_2 x2apic movbe popcnt tsc_deadline_timer aes xsave avx f16c rdrand lahf_lm abm 3dnowprefetch epb intel_pt tpr_shadow vnmi flexpriority ept vpid fsgsbase tsc_adjust bmi1 hle avx2 smep bmi2 erms invpcid rtm mpx rdseed adx smap clflushopt xsaveopt xsavec xgetbv1 xsaves dtherm ida arat pln pts hwp hwp_notify hwp_act_window hwp_epp
bugs		:
bogomips	: 5184.00
clflush size	: 64
cache_alignment	: 64
address sizes	: 39 bits physical, 48 bits virtual
power management:

processor	: 5
vendor_id	: GenuineIntel
cpu family	: 6
model		: 94
model name	: Intel(R) Core(TM) i7-6700HQ CPU @ 2.60GHz
stepping	: 3
microcode	: 0x84
cpu MHz		: 3168.750
cache size	: 6144 KB
physical id	: 0
siblings	: 8
core id		: 1
cpu cores	: 4
apicid		: 3
initial apicid	: 3
fpu		: yes
fpu_exception	: yes
cpuid level	: 22
wp		: yes
flags		: fpu vme de pse tsc msr pae mce cx8 apic sep mtrr pge mca cmov pat pse36 clflush dts acpi mmx fxsr sse sse2 ss ht tm pbe syscall nx pdpe1gb rdtscp lm constant_tsc art arch_perfmon pebs bts rep_good nopl xtopology nonstop_tsc aperfmperf tsc_known_freq pni pclmulqdq dtes64 monitor ds_cpl vmx est tm2 ssse3 sdbg fma cx16 xtpr pdcm pcid sse4_1 sse4_2 x2apic movbe popcnt tsc_deadline_timer aes xsave avx f16c rdrand lahf_lm abm 3dnowprefetch epb intel_pt tpr_shadow vnmi flexpriority ept vpid fsgsbase tsc_adjust bmi1 hle avx2 smep bmi2 erms invpcid rtm mpx rdseed adx smap clflushopt xsaveopt xsavec xgetbv1 xsaves dtherm ida arat pln pts hwp hwp_notify hwp_act_window hwp_epp
bugs		:
bogomips	: 5184.00
clflush size	: 64
cache_alignment	: 64
address sizes	: 39 bits physical, 48 bits virtual
power management:

processor	: 6
vendor_id	: GenuineIntel
cpu family	: 6
model		: 94
model name	: Intel(R) Core(TM) i7-6700HQ CPU @ 2.60GHz
stepping	: 3
microcode	: 0x84
cpu MHz		: 3195.727
cache size	: 6144 KB
physical id	: 0
siblings	: 8
core id		: 2
cpu cores	: 4
apicid		: 5
initial apicid	: 5
fpu		: yes
fpu_exception	: yes
cpuid level	: 22
wp		: yes
flags		: fpu vme de pse tsc msr pae mce cx8 apic sep mtrr pge mca cmov pat pse36 clflush dts acpi mmx fxsr sse sse2 ss ht tm pbe syscall nx pdpe1gb rdtscp lm constant_tsc art arch_perfmon pebs bts rep_good nopl xtopology nonstop_tsc aperfmperf tsc_known_freq pni pclmulqdq dtes64 monitor ds_cpl vmx est tm2 ssse3 sdbg fma cx16 xtpr pdcm pcid sse4_1 sse4_2 x2apic movbe popcnt tsc_deadline_timer aes xsave avx f16c rdrand lahf_lm abm 3dnowprefetch epb intel_pt tpr_shadow vnmi flexpriority ept vpid fsgsbase tsc_adjust bmi1 hle avx2 smep bmi2 erms invpcid rtm mpx rdseed adx smap clflushopt xsaveopt xsavec xgetbv1 xsaves dtherm ida arat pln pts hwp hwp_notify hwp_act_window hwp_epp
bugs		:
bogomips	: 5184.00
clflush size	: 64
cache_alignment	: 64
address sizes	: 39 bits physical, 48 bits virtual
power management:

processor	: 7
vendor_id	: GenuineIntel
cpu family	: 6
model		: 94
model name	: Intel(R) Core(TM) i7-6700HQ CPU @ 2.60GHz
stepping	: 3
microcode	: 0x84
cpu MHz		: 3195.410
cache size	: 6144 KB
physical id	: 0
siblings	: 8
core id		: 3
cpu cores	: 4
apicid		: 7
initial apicid	: 7
fpu		: yes
fpu_exception	: yes
cpuid level	: 22
wp		: yes
flags		: fpu vme de pse tsc msr pae mce cx8 apic sep mtrr pge mca cmov pat pse36 clflush dts acpi mmx fxsr sse sse2 ss ht tm pbe syscall nx pdpe1gb rdtscp lm constant_tsc art arch_perfmon pebs bts rep_good nopl xtopology nonstop_tsc aperfmperf tsc_known_freq pni pclmulqdq dtes64 monitor ds_cpl vmx est tm2 ssse3 sdbg fma cx16 xtpr pdcm pcid sse4_1 sse4_2 x2apic movbe popcnt tsc_deadline_timer aes xsave avx f16c rdrand lahf_lm abm 3dnowprefetch epb intel_pt tpr_shadow vnmi flexpriority ept vpid fsgsbase tsc_adjust bmi1 hle avx2 smep bmi2 erms invpcid rtm mpx rdseed adx smap clflushopt xsaveopt xsavec xgetbv1 xsaves dtherm ida arat pln pts hwp hwp_notify hwp_act_window hwp_epp
bugs		:
bogomips	: 5184.00
clflush size	: 64
cache_alignment	: 64
address sizes	: 39 bits physical, 48 bits virtual
power management:



Memory: 4k page, physical 16319952k(6466808k free), swap 16667644k(16667644k free)

vm_info: OpenJDK 64-Bit Server VM (25.131-b11) for linux-amd64 JRE (1.8.0_131-8u131-b11-2ubuntu1.16.04.3-b11), built on Jul 28 2017 01:23:32 by "buildd" with gcc 5.4.0 20160609

time: Mon Jan  8 18:14:39 2018
elapsed time: 0 seconds (0d 0h 0m 0s)

